#
# There is insufficient memory for the Java Runtime Environment to continue.
# Native memory allocation (malloc) failed to allocate 690256 bytes for Chunk::new
# Possible reasons:
#   The system is out of physical RAM or swap space
#   The process is running with CompressedOops enabled, and the Java Heap may be blocking the growth of the native heap
# Possible solutions:
#   Reduce memory load on the system
#   Increase physical memory or swap space
#   Check if swap backing store is full
#   Decrease Java heap size (-Xmx/-Xms)
#   Decrease number of Java threads
#   Decrease Java thread stack sizes (-Xss)
#   Set larger code cache with -XX:ReservedCodeCacheSize=
#   JVM is running with Unscaled Compressed Oops mode in which the Java heap is
#     placed in the first 4GB address space. The Java Heap base address is the
#     maximum limit for the native heap growth. Please use -XX:HeapBaseMinAddress
#     to set the Java Heap base and to place the Java Heap above 4GB virtual address.
# This output file may be truncated or incomplete.
#
#  Out of Memory Error (allocation.cpp:389), pid=8936, tid=0x00000000000042b8
#
# JRE version: OpenJDK Runtime Environment (8.0_242-b01) (build 1.8.0_242-release-1644-b01)
# Java VM: OpenJDK 64-Bit Server VM (25.242-b01 mixed mode windows-amd64 compressed oops)
# Failed to write core dump. Minidumps are not enabled by default on client versions of Windows
#

---------------  T H R E A D  ---------------

Current thread (0x00000000198a4000):  JavaThread "C2 CompilerThread1" daemon [_thread_in_native, id=17080, stack(0x000000001a270000,0x000000001a370000)]

Stack: [0x000000001a270000,0x000000001a370000]
[error occurred during error reporting (printing stack bounds), id 0xc0000005]

Native frames: (J=compiled Java code, j=interpreted, Vv=VM code, C=native code)


Current CompileTask:
C2:  10171 4976       4       org.codehaus.groovy.runtime.metaclass.MetaMethodIndex::copyNonPrivateMethods (149 bytes)


---------------  P R O C E S S  ---------------

Java Threads: ( => current thread )
  0x0000000019b80800 JavaThread "Cache worker for Build Output Cleanup Cache (E:\Github Repo\SmartMeal_Client\.gradle\buildOutputCleanup)" [_thread_blocked, id=10168, stack(0x000000002b250000,0x000000002b350000)]
  0x0000000019b86000 JavaThread "jar transforms Thread 113" [_thread_blocked, id=9012, stack(0x000000002ac00000,0x000000002ad00000)]
  0x0000000019b84800 JavaThread "jar transforms Thread 112" [_thread_blocked, id=8648, stack(0x000000002ab00000,0x000000002ac00000)]
  0x0000000019b83800 JavaThread "jar transforms Thread 111" [_thread_blocked, id=29152, stack(0x000000002aa00000,0x000000002ab00000)]
  0x0000000019b81800 JavaThread "jar transforms Thread 110" [_thread_blocked, id=4052, stack(0x000000002a900000,0x000000002aa00000)]
  0x0000000019b82000 JavaThread "jar transforms Thread 109" [_thread_blocked, id=27444, stack(0x000000002a800000,0x000000002a900000)]
  0x0000000019b87800 JavaThread "jar transforms Thread 108" [_thread_blocked, id=18448, stack(0x000000002a700000,0x000000002a800000)]
  0x0000000019b85000 JavaThread "jar transforms Thread 107" [_thread_blocked, id=14708, stack(0x000000002a600000,0x000000002a700000)]
  0x0000000019b83000 JavaThread "jar transforms Thread 106" [_thread_blocked, id=20856, stack(0x000000002a500000,0x000000002a600000)]
  0x0000000019b86800 JavaThread "jar transforms Thread 105" [_thread_blocked, id=24052, stack(0x000000002a400000,0x000000002a500000)]
  0x000000001cf5d800 JavaThread "jar transforms Thread 104" [_thread_blocked, id=12112, stack(0x000000002a300000,0x000000002a400000)]
  0x000000001cf5c000 JavaThread "jar transforms Thread 103" [_thread_blocked, id=3608, stack(0x000000002a200000,0x000000002a300000)]
  0x000000001cf5b800 JavaThread "jar transforms Thread 102" [_thread_blocked, id=11664, stack(0x000000002a100000,0x000000002a200000)]
  0x000000001cf5f000 JavaThread "jar transforms Thread 101" [_thread_blocked, id=20456, stack(0x000000002a000000,0x000000002a100000)]
  0x000000001cf5e800 JavaThread "jar transforms Thread 100" [_thread_blocked, id=13876, stack(0x0000000029f00000,0x000000002a000000)]
  0x000000001cf5a800 JavaThread "jar transforms Thread 99" [_thread_blocked, id=17668, stack(0x0000000029e00000,0x0000000029f00000)]
  0x000000001cf5a000 JavaThread "jar transforms Thread 98" [_thread_blocked, id=2252, stack(0x0000000029d00000,0x0000000029e00000)]
  0x000000001cf58800 JavaThread "jar transforms Thread 97" [_thread_blocked, id=19644, stack(0x0000000029c00000,0x0000000029d00000)]
  0x000000001cf5d000 JavaThread "jar transforms Thread 96" [_thread_blocked, id=17708, stack(0x0000000029b00000,0x0000000029c00000)]
  0x000000001cf52800 JavaThread "jar transforms Thread 95" [_thread_blocked, id=17148, stack(0x0000000029a00000,0x0000000029b00000)]
  0x000000001cf57800 JavaThread "jar transforms Thread 94" [_thread_blocked, id=11076, stack(0x0000000029800000,0x0000000029900000)]
  0x000000001cf56000 JavaThread "jar transforms Thread 93" [_thread_blocked, id=13400, stack(0x0000000029700000,0x0000000029800000)]
  0x000000001cf59000 JavaThread "jar transforms Thread 92" [_thread_blocked, id=27796, stack(0x0000000029600000,0x0000000029700000)]
  0x000000001cf50000 JavaThread "jar transforms Thread 91" [_thread_blocked, id=24736, stack(0x0000000029500000,0x0000000029600000)]
  0x000000001cf51000 JavaThread "jar transforms Thread 90" [_thread_blocked, id=16324, stack(0x0000000029400000,0x0000000029500000)]
  0x000000001cf54800 JavaThread "jar transforms Thread 89" [_thread_blocked, id=26148, stack(0x0000000029300000,0x0000000029400000)]
  0x000000001cf54000 JavaThread "jar transforms Thread 88" [_thread_blocked, id=6300, stack(0x0000000029200000,0x0000000029300000)]
  0x000000001cf57000 JavaThread "jar transforms Thread 87" [_thread_blocked, id=16688, stack(0x0000000029100000,0x0000000029200000)]
  0x000000001cf51800 JavaThread "jar transforms Thread 86" [_thread_blocked, id=3328, stack(0x0000000029000000,0x0000000029100000)]
  0x000000001cf55800 JavaThread "jar transforms Thread 85" [_thread_blocked, id=21688, stack(0x0000000028f00000,0x0000000029000000)]
  0x000000001cf53000 JavaThread "jar transforms Thread 84" [_thread_blocked, id=28368, stack(0x0000000028e00000,0x0000000028f00000)]
  0x000000001adba000 JavaThread "jar transforms Thread 83" [_thread_blocked, id=6516, stack(0x0000000028d00000,0x0000000028e00000)]
  0x000000001adba800 JavaThread "jar transforms Thread 82" [_thread_blocked, id=27228, stack(0x0000000028c00000,0x0000000028d00000)]
  0x000000001adb9000 JavaThread "jar transforms Thread 81" [_thread_blocked, id=16652, stack(0x0000000028b00000,0x0000000028c00000)]
  0x000000001adbd800 JavaThread "jar transforms Thread 80" [_thread_blocked, id=6428, stack(0x0000000028a00000,0x0000000028b00000)]
  0x000000001adbc000 JavaThread "jar transforms Thread 79" [_thread_blocked, id=19400, stack(0x0000000028900000,0x0000000028a00000)]
  0x000000001adbd000 JavaThread "jar transforms Thread 78" [_thread_blocked, id=24088, stack(0x0000000028800000,0x0000000028900000)]
  0x000000001adb8800 JavaThread "jar transforms Thread 77" [_thread_blocked, id=26416, stack(0x0000000028700000,0x0000000028800000)]
  0x000000001adbb800 JavaThread "jar transforms Thread 76" [_thread_blocked, id=24444, stack(0x0000000028600000,0x0000000028700000)]
  0x000000001adbf000 JavaThread "jar transforms Thread 75" [_thread_blocked, id=27928, stack(0x0000000028500000,0x0000000028600000)]
  0x000000001adbe800 JavaThread "jar transforms Thread 74" [_thread_blocked, id=25060, stack(0x0000000028400000,0x0000000028500000)]
  0x000000001adb1800 JavaThread "jar transforms Thread 73" [_thread_blocked, id=8900, stack(0x0000000028300000,0x0000000028400000)]
  0x000000001adb7800 JavaThread "jar transforms Thread 72" [_thread_blocked, id=21148, stack(0x0000000028200000,0x0000000028300000)]
  0x000000001adb7000 JavaThread "jar transforms Thread 71" [_thread_blocked, id=11580, stack(0x0000000028100000,0x0000000028200000)]
  0x000000001adb2000 JavaThread "jar transforms Thread 70" [_thread_blocked, id=19980, stack(0x0000000028000000,0x0000000028100000)]
  0x000000001adb6000 JavaThread "jar transforms Thread 69" [_thread_blocked, id=16760, stack(0x0000000027f00000,0x0000000028000000)]
  0x000000001adb0000 JavaThread "jar transforms Thread 68" [_thread_blocked, id=25148, stack(0x0000000027e00000,0x0000000027f00000)]
  0x000000001adb5800 JavaThread "jar transforms Thread 67" [_thread_blocked, id=15080, stack(0x0000000027d00000,0x0000000027e00000)]
  0x000000001adb4800 JavaThread "jar transforms Thread 66" [_thread_blocked, id=11932, stack(0x0000000027c00000,0x0000000027d00000)]
  0x000000001adb0800 JavaThread "jar transforms Thread 65" [_thread_blocked, id=17424, stack(0x0000000027b00000,0x0000000027c00000)]
  0x000000001adb3000 JavaThread "jar transforms Thread 64" [_thread_blocked, id=9728, stack(0x0000000027a00000,0x0000000027b00000)]
  0x000000001adb3800 JavaThread "jar transforms Thread 63" [_thread_blocked, id=25028, stack(0x0000000027900000,0x0000000027a00000)]
  0x0000000021705800 JavaThread "jar transforms Thread 62" [_thread_blocked, id=16836, stack(0x0000000027800000,0x0000000027900000)]
  0x0000000021704800 JavaThread "jar transforms Thread 61" [_thread_blocked, id=22532, stack(0x0000000027700000,0x0000000027800000)]
  0x0000000021704000 JavaThread "jar transforms Thread 60" [_thread_blocked, id=3404, stack(0x0000000027600000,0x0000000027700000)]
  0x0000000021701800 JavaThread "jar transforms Thread 59" [_thread_blocked, id=13120, stack(0x0000000027500000,0x0000000027600000)]
  0x0000000021703000 JavaThread "jar transforms Thread 58" [_thread_blocked, id=19124, stack(0x0000000027400000,0x0000000027500000)]
  0x0000000021702800 JavaThread "jar transforms Thread 57" [_thread_blocked, id=23864, stack(0x0000000027300000,0x0000000027400000)]
  0x0000000021701000 JavaThread "jar transforms Thread 56" [_thread_blocked, id=28160, stack(0x0000000027200000,0x0000000027300000)]
  0x0000000021707000 JavaThread "jar transforms Thread 55" [_thread_blocked, id=21724, stack(0x0000000027100000,0x0000000027200000)]
  0x0000000021706000 JavaThread "jar transforms Thread 54" [_thread_blocked, id=9932, stack(0x0000000027000000,0x0000000027100000)]
  0x00000000216f9000 JavaThread "jar transforms Thread 53" [_thread_blocked, id=28304, stack(0x0000000026f00000,0x0000000027000000)]
  0x00000000216fc800 JavaThread "jar transforms Thread 52" [_thread_blocked, id=16004, stack(0x0000000026e00000,0x0000000026f00000)]
  0x0000000021700000 JavaThread "jar transforms Thread 51" [_thread_blocked, id=16296, stack(0x0000000026d00000,0x0000000026e00000)]
  0x00000000216fa800 JavaThread "jar transforms Thread 50" [_thread_blocked, id=14328, stack(0x0000000026c00000,0x0000000026d00000)]
  0x00000000216fb800 JavaThread "jar transforms Thread 49" [_thread_blocked, id=16976, stack(0x0000000026b00000,0x0000000026c00000)]
  0x00000000216fa000 JavaThread "jar transforms Thread 48" [_thread_blocked, id=18444, stack(0x0000000026a00000,0x0000000026b00000)]
  0x00000000216fe000 JavaThread "jar transforms Thread 47" [_thread_blocked, id=23476, stack(0x0000000026900000,0x0000000026a00000)]
  0x00000000216ff800 JavaThread "jar transforms Thread 46" [_thread_blocked, id=22520, stack(0x0000000026800000,0x0000000026900000)]
  0x00000000216fd000 JavaThread "jar transforms Thread 45" [_thread_blocked, id=15752, stack(0x0000000026700000,0x0000000026800000)]
  0x00000000216f7800 JavaThread "jar transforms Thread 44" [_thread_blocked, id=4460, stack(0x0000000026600000,0x0000000026700000)]
  0x00000000216f8800 JavaThread "jar transforms Thread 43" [_thread_blocked, id=3496, stack(0x0000000026500000,0x0000000026600000)]
  0x00000000216fe800 JavaThread "jar transforms Thread 42" [_thread_blocked, id=20752, stack(0x0000000026400000,0x0000000026500000)]
  0x000000001b8f3800 JavaThread "jar transforms Thread 41" [_thread_blocked, id=5276, stack(0x0000000026300000,0x0000000026400000)]
  0x000000001b8ec000 JavaThread "jar transforms Thread 40" [_thread_blocked, id=2804, stack(0x0000000026200000,0x0000000026300000)]
  0x000000001b8ee800 JavaThread "jar transforms Thread 39" [_thread_blocked, id=16052, stack(0x0000000026100000,0x0000000026200000)]
  0x000000001b8ed800 JavaThread "jar transforms Thread 38" [_thread_blocked, id=2140, stack(0x0000000026000000,0x0000000026100000)]
  0x000000001b8f3000 JavaThread "jar transforms Thread 37" [_thread_blocked, id=1864, stack(0x0000000025f00000,0x0000000026000000)]
  0x000000001b8f2000 JavaThread "jar transforms Thread 36" [_thread_blocked, id=18116, stack(0x0000000025e00000,0x0000000025f00000)]
  0x000000001b8f1800 JavaThread "jar transforms Thread 35" [_thread_blocked, id=17344, stack(0x0000000025d00000,0x0000000025e00000)]
  0x000000001b8ea800 JavaThread "jar transforms Thread 34" [_thread_blocked, id=928, stack(0x0000000025c00000,0x0000000025d00000)]
  0x000000001b8ed000 JavaThread "jar transforms Thread 33" [_thread_blocked, id=6628, stack(0x0000000025b00000,0x0000000025c00000)]
  0x000000001b8ef000 JavaThread "jar transforms Thread 32" [_thread_blocked, id=25400, stack(0x0000000025a00000,0x0000000025b00000)]
  0x000000001b8f0800 JavaThread "jar transforms Thread 31" [_thread_blocked, id=24484, stack(0x0000000025900000,0x0000000025a00000)]
  0x000000001b8e9000 JavaThread "jar transforms Thread 30" [_thread_blocked, id=11700, stack(0x0000000025800000,0x0000000025900000)]
  0x000000001b8f0000 JavaThread "jar transforms Thread 29" [_thread_blocked, id=9900, stack(0x0000000025700000,0x0000000025800000)]
  0x000000001b8eb800 JavaThread "jar transforms Thread 28" [_thread_blocked, id=10324, stack(0x0000000025600000,0x0000000025700000)]
  0x000000001b8e6000 JavaThread "jar transforms Thread 27" [_thread_blocked, id=22208, stack(0x0000000025500000,0x0000000025600000)]
  0x000000001b8ea000 JavaThread "jar transforms Thread 26" [_thread_blocked, id=16844, stack(0x0000000025400000,0x0000000025500000)]
  0x000000001b8e5800 JavaThread "jar transforms Thread 25" [_thread_blocked, id=20596, stack(0x0000000025300000,0x0000000025400000)]
  0x000000001b8e7800 JavaThread "jar transforms Thread 24" [_thread_blocked, id=25412, stack(0x0000000025200000,0x0000000025300000)]
  0x000000001b8e4800 JavaThread "jar transforms Thread 23" [_thread_blocked, id=5636, stack(0x0000000025100000,0x0000000025200000)]
  0x000000001b8e8800 JavaThread "jar transforms Thread 22" [_thread_blocked, id=19148, stack(0x0000000025000000,0x0000000025100000)]
  0x000000001b8e7000 JavaThread "jar transforms Thread 21" [_thread_blocked, id=15636, stack(0x0000000024f00000,0x0000000025000000)]
  0x000000001b400800 JavaThread "jar transforms Thread 20" [_thread_blocked, id=29592, stack(0x0000000024e00000,0x0000000024f00000)]
  0x000000001b3ff800 JavaThread "jar transforms Thread 19" [_thread_blocked, id=27088, stack(0x0000000024d00000,0x0000000024e00000)]
  0x000000001b406800 JavaThread "jar transforms Thread 18" [_thread_blocked, id=16344, stack(0x0000000024c00000,0x0000000024d00000)]
  0x000000001b405000 JavaThread "jar transforms Thread 17" [_thread_blocked, id=2548, stack(0x0000000024b00000,0x0000000024c00000)]
  0x000000001b401000 JavaThread "jar transforms Thread 16" [_thread_blocked, id=2216, stack(0x0000000024a00000,0x0000000024b00000)]
  0x000000001b402800 JavaThread "jar transforms Thread 15" [_thread_blocked, id=21196, stack(0x0000000024900000,0x0000000024a00000)]
  0x000000001b403800 JavaThread "jar transforms Thread 14" [_thread_blocked, id=22568, stack(0x0000000024800000,0x0000000024900000)]
  0x000000001b404000 JavaThread "jar transforms Thread 13" [_thread_blocked, id=10268, stack(0x0000000024700000,0x0000000024800000)]
  0x000000001b406000 JavaThread "jar transforms Thread 12" [_thread_blocked, id=22200, stack(0x0000000024600000,0x0000000024700000)]
  0x000000001b402000 JavaThread "jar transforms Thread 11" [_thread_blocked, id=17612, stack(0x0000000024500000,0x0000000024600000)]
  0x000000001f9ad800 JavaThread "jar transforms Thread 10" [_thread_blocked, id=18048, stack(0x0000000024400000,0x0000000024500000)]
  0x000000001f9ad000 JavaThread "jar transforms Thread 9" [_thread_blocked, id=19416, stack(0x0000000024300000,0x0000000024400000)]
  0x000000001f9b0000 JavaThread "jar transforms Thread 8" [_thread_blocked, id=25552, stack(0x0000000024200000,0x0000000024300000)]
  0x000000001f9ab800 JavaThread "jar transforms Thread 7" [_thread_blocked, id=20584, stack(0x0000000024100000,0x0000000024200000)]
  0x000000001f9aa000 JavaThread "jar transforms Thread 6" [_thread_blocked, id=15664, stack(0x0000000024000000,0x0000000024100000)]
  0x000000001f9a8800 JavaThread "jar transforms Thread 5" [_thread_blocked, id=12152, stack(0x0000000023f00000,0x0000000024000000)]
  0x000000001f9a9000 JavaThread "jar transforms Thread 4" [_thread_blocked, id=10404, stack(0x0000000023e00000,0x0000000023f00000)]
  0x000000001f9ae800 JavaThread "jar transforms Thread 3" [_thread_blocked, id=9104, stack(0x0000000023d00000,0x0000000023e00000)]
  0x000000001f9ac000 JavaThread "jar transforms Thread 2" [_thread_blocked, id=12968, stack(0x0000000023c00000,0x0000000023d00000)]
  0x000000001f9af000 JavaThread "Build operations Thread 8" [_thread_blocked, id=1628, stack(0x0000000023b00000,0x0000000023c00000)]
  0x000000001f9aa800 JavaThread "Build operations Thread 7" [_thread_blocked, id=7060, stack(0x0000000023a00000,0x0000000023b00000)]
  0x000000001f9a2000 JavaThread "Build operations Thread 6" [_thread_blocked, id=29644, stack(0x0000000023900000,0x0000000023a00000)]
  0x000000001f9a3000 JavaThread "Build operations Thread 5" [_thread_blocked, id=11144, stack(0x0000000023800000,0x0000000023900000)]
  0x000000001f9a0800 JavaThread "Build operations Thread 4" [_thread_blocked, id=23268, stack(0x0000000023700000,0x0000000023800000)]
  0x000000001f9a7800 JavaThread "Build operations Thread 3" [_thread_blocked, id=11416, stack(0x0000000023600000,0x0000000023700000)]
  0x000000001f9a6800 JavaThread "Build operations Thread 2" [_thread_blocked, id=18892, stack(0x0000000023500000,0x0000000023600000)]
  0x000000001f9a6000 JavaThread "Build operations" [_thread_blocked, id=25220, stack(0x0000000023400000,0x0000000023500000)]
  0x000000001c896000 JavaThread "Cache worker for file content cache (C:\Users\ADMIN\.gradle\caches\6.5\fileContent)" [_thread_blocked, id=11308, stack(0x0000000022d00000,0x0000000022e00000)]
  0x000000001c899000 JavaThread "jar transforms" [_thread_blocked, id=1580, stack(0x0000000022c00000,0x0000000022d00000)]
  0x000000001c895800 JavaThread "Cache worker for execution history cache (C:\Users\ADMIN\.gradle\caches\6.5\executionHistory)" [_thread_blocked, id=4528, stack(0x0000000022500000,0x0000000022600000)]
  0x000000001c897800 JavaThread "Cache worker for cache directory md-rule (C:\Users\ADMIN\.gradle\caches\6.5\md-rule)" [_thread_blocked, id=13192, stack(0x0000000022400000,0x0000000022500000)]
  0x000000001c89a800 JavaThread "Cache worker for cache directory md-supplier (C:\Users\ADMIN\.gradle\caches\6.5\md-supplier)" [_thread_blocked, id=23384, stack(0x0000000021250000,0x0000000021350000)]
  0x000000001c894800 JavaThread "Cache worker for checksums cache (E:\Github Repo\SmartMeal_Client\.gradle\checksums)" [_thread_blocked, id=15312, stack(0x0000000020e90000,0x0000000020f90000)]
  0x000000001c898800 JavaThread "Cache worker for file hash cache (E:\Github Repo\SmartMeal_Client\.gradle\6.5\fileHashes)" [_thread_blocked, id=12028, stack(0x000000001e9d0000,0x000000001ead0000)]
  0x000000001c894000 JavaThread "Cache worker for file hash cache (C:\Users\ADMIN\.gradle\caches\6.5\fileHashes)" [_thread_blocked, id=23028, stack(0x000000001e8d0000,0x000000001e9d0000)]
  0x000000001c89a000 JavaThread "File lock request listener" [_thread_in_native, id=21160, stack(0x000000001e7d0000,0x000000001e8d0000)]
  0x000000001c6f6800 JavaThread "Cache worker for journal cache (C:\Users\ADMIN\.gradle\caches\journal-1)" [_thread_blocked, id=17092, stack(0x000000001e6d0000,0x000000001e7d0000)]
  0x000000001b478000 JavaThread "Thread-9" [_thread_blocked, id=25884, stack(0x000000001e3d0000,0x000000001e4d0000)]
  0x000000001b5af000 JavaThread "Stdin handler" [_thread_blocked, id=23204, stack(0x000000001e2d0000,0x000000001e3d0000)]
  0x000000001c50a800 JavaThread "Asynchronous log dispatcher for DefaultDaemonConnection: socket connection from /127.0.0.1:50916 to /127.0.0.1:50917" [_thread_blocked, id=4120, stack(0x000000001e1d0000,0x000000001e2d0000)]
  0x000000001c53b800 JavaThread "Daemon worker" [_thread_in_vm, id=26756, stack(0x000000001e0d0000,0x000000001e1d0000)]
  0x000000001c509000 JavaThread "Cancel handler" [_thread_blocked, id=2232, stack(0x000000001ded0000,0x000000001dfd0000)]
  0x000000001c4f5000 JavaThread "Handler for socket connection from /127.0.0.1:50916 to /127.0.0.1:50917" [_thread_in_native, id=18864, stack(0x000000001dbd0000,0x000000001dcd0000)]
  0x000000001c4f4800 JavaThread "Daemon" [_thread_blocked, id=11576, stack(0x000000001dad0000,0x000000001dbd0000)]
  0x000000001c4d1800 JavaThread "Daemon periodic checks" [_thread_blocked, id=14384, stack(0x000000001d9d0000,0x000000001dad0000)]
  0x000000001c47f800 JavaThread "Incoming local TCP Connector on port 50916" [_thread_in_native, id=9740, stack(0x000000001d790000,0x000000001d890000)]
  0x000000001c3c8800 JavaThread "Daemon health stats" [_thread_blocked, id=11040, stack(0x000000001bf40000,0x000000001c040000)]
  0x0000000019940000 JavaThread "Service Thread" daemon [_thread_blocked, id=17320, stack(0x000000001a570000,0x000000001a670000)]
  0x00000000198b7000 JavaThread "C1 CompilerThread3" daemon [_thread_blocked, id=27884, stack(0x000000001a470000,0x000000001a570000)]
  0x00000000198ab000 JavaThread "C2 CompilerThread2" daemon [_thread_in_native, id=26752, stack(0x000000001a370000,0x000000001a470000)]
=>0x00000000198a4000 JavaThread "C2 CompilerThread1" daemon [_thread_in_native, id=17080, stack(0x000000001a270000,0x000000001a370000)]
  0x00000000198a2000 JavaThread "C2 CompilerThread0" daemon [_thread_in_native, id=7728, stack(0x000000001a170000,0x000000001a270000)]
  0x00000000198a0000 JavaThread "Attach Listener" daemon [_thread_blocked, id=16932, stack(0x000000001a070000,0x000000001a170000)]
  0x000000001989f000 JavaThread "Signal Dispatcher" daemon [_thread_blocked, id=21608, stack(0x0000000019f70000,0x000000001a070000)]
  0x0000000019891000 JavaThread "Finalizer" daemon [_thread_blocked, id=28608, stack(0x0000000019d70000,0x0000000019e70000)]
  0x0000000019890800 JavaThread "Reference Handler" daemon [_thread_blocked, id=25656, stack(0x0000000019c70000,0x0000000019d70000)]
  0x0000000002862800 JavaThread "main" [_thread_blocked, id=24124, stack(0x0000000002710000,0x0000000002810000)]

Other Threads:
  0x0000000017a77800 VMThread [stack: 0x0000000019770000,0x0000000019870000] [id=27784]
  0x0000000019941000 WatcherThread [stack: 0x000000001a670000,0x000000001a770000] [id=10316]

VM state:not at safepoint (normal execution)

VM Mutex/Monitor currently owned by a thread: None

heap address: 0x0000000080000000, size: 2048 MB, Compressed Oops mode: 32-bit
Narrow klass base: 0x0000000000000000, Narrow klass shift: 3
Compressed class space size: 1073741824 Address: 0x0000000100000000

Heap:
 PSYoungGen      total 175104K, used 26837K [0x00000000d5580000, 0x00000000e2b80000, 0x0000000100000000)
  eden space 162304K, 8% used [0x00000000d5580000,0x00000000d6336390,0x00000000df400000)
  from space 12800K, 99% used [0x00000000df400000,0x00000000e007f320,0x00000000e0080000)
  to   space 18432K, 0% used [0x00000000e1980000,0x00000000e1980000,0x00000000e2b80000)
 ParOldGen       total 87552K, used 28548K [0x0000000080000000, 0x0000000085580000, 0x00000000d5580000)
  object space 87552K, 32% used [0x0000000080000000,0x0000000081be1270,0x0000000085580000)
 Metaspace       used 52876K, capacity 54868K, committed 55080K, reserved 1097728K
  class space    used 7028K, capacity 7468K, committed 7472K, reserved 1048576K

Card table byte_map: [0x0000000011dd0000,0x00000000121e0000] byte_map_base: 0x00000000119d0000

Marking Bits: (ParMarkBitMap*) 0x000000005ec1f030
 Begin Bits: [0x0000000012c90000, 0x0000000014c90000)
 End Bits:   [0x0000000014c90000, 0x0000000016c90000)

Polling page: 0x0000000002810000

CodeCache: size=245760Kb used=15542Kb max_used=15713Kb free=230217Kb
 bounds [0x0000000002a10000, 0x0000000003980000, 0x0000000011a10000]
 total_blobs=5270 nmethods=4507 adapters=675
 compilation: enabled

Compilation events (10 events):
Event: 10.130 Thread 0x00000000198b7000 4994       3       java.lang.invoke.InfoFromMemberName::getDeclaringClass (8 bytes)
Event: 10.130 Thread 0x00000000198b7000 nmethod 4994 0x0000000003192b10 code [0x0000000003192c60, 0x0000000003192e50]
Event: 10.130 Thread 0x00000000198b7000 4995       3       java.lang.invoke.InfoFromMemberName::getMethodType (8 bytes)
Event: 10.131 Thread 0x00000000198b7000 nmethod 4995 0x0000000003102850 code [0x00000000031029c0, 0x0000000003102bc8]
Event: 10.131 Thread 0x00000000198b7000 4996       3       java.lang.invoke.InfoFromMemberName::getName (8 bytes)
Event: 10.131 Thread 0x00000000198b7000 nmethod 4996 0x000000000360fc10 code [0x000000000360fda0, 0x00000000036102c8]
Event: 10.131 Thread 0x00000000198b7000 4999       3       jdk.internal.org.objectweb.asm.MethodWriter::startFrame (55 bytes)
Event: 10.132 Thread 0x00000000198b7000 nmethod 4999 0x0000000002c106d0 code [0x0000000002c10840, 0x0000000002c10b30]
Event: 10.132 Thread 0x00000000198b7000 5000       3       jdk.internal.org.objectweb.asm.MethodWriter::endFrame (53 bytes)
Event: 10.132 Thread 0x00000000198b7000 nmethod 5000 0x0000000002dc5790 code [0x0000000002dc5920, 0x0000000002dc5d48]

GC Heap History (10 events):
Event: 3.820 GC heap before
{Heap before GC invocations=9 (full 1):
 PSYoungGen      total 76288K, used 65536K [0x00000000d5580000, 0x00000000dea80000, 0x0000000100000000)
  eden space 65536K, 100% used [0x00000000d5580000,0x00000000d9580000,0x00000000d9580000)
  from space 10752K, 0% used [0x00000000d9580000,0x00000000d9580000,0x00000000da000000)
  to   space 10752K, 0% used [0x00000000de000000,0x00000000de000000,0x00000000dea80000)
 ParOldGen       total 51200K, used 6737K [0x0000000080000000, 0x0000000083200000, 0x00000000d5580000)
  object space 51200K, 13% used [0x0000000080000000,0x0000000080694478,0x0000000083200000)
 Metaspace       used 28570K, capacity 29444K, committed 29616K, reserved 1075200K
  class space    used 3959K, capacity 4188K, committed 4272K, reserved 1048576K
Event: 3.828 GC heap after
Heap after GC invocations=9 (full 1):
 PSYoungGen      total 124416K, used 8270K [0x00000000d5580000, 0x00000000de880000, 0x0000000100000000)
  eden space 115712K, 0% used [0x00000000d5580000,0x00000000d5580000,0x00000000dc680000)
  from space 8704K, 95% used [0x00000000de000000,0x00000000de813928,0x00000000de880000)
  to   space 11264K, 0% used [0x00000000dd280000,0x00000000dd280000,0x00000000ddd80000)
 ParOldGen       total 51200K, used 6745K [0x0000000080000000, 0x0000000083200000, 0x00000000d5580000)
  object space 51200K, 13% used [0x0000000080000000,0x0000000080696478,0x0000000083200000)
 Metaspace       used 28570K, capacity 29444K, committed 29616K, reserved 1075200K
  class space    used 3959K, capacity 4188K, committed 4272K, reserved 1048576K
}
Event: 5.081 GC heap before
{Heap before GC invocations=10 (full 1):
 PSYoungGen      total 124416K, used 109888K [0x00000000d5580000, 0x00000000de880000, 0x0000000100000000)
  eden space 115712K, 87% used [0x00000000d5580000,0x00000000db8bc6e0,0x00000000dc680000)
  from space 8704K, 95% used [0x00000000de000000,0x00000000de813928,0x00000000de880000)
  to   space 11264K, 0% used [0x00000000dd280000,0x00000000dd280000,0x00000000ddd80000)
 ParOldGen       total 51200K, used 6745K [0x0000000080000000, 0x0000000083200000, 0x00000000d5580000)
  object space 51200K, 13% used [0x0000000080000000,0x0000000080696478,0x0000000083200000)
 Metaspace       used 34265K, capacity 35412K, committed 35496K, reserved 1079296K
  class space    used 4720K, capacity 5001K, committed 5040K, reserved 1048576K
Event: 5.098 GC heap after
Heap after GC invocations=10 (full 1):
 PSYoungGen      total 139264K, used 11252K [0x00000000d5580000, 0x00000000e1100000, 0x0000000100000000)
  eden space 128000K, 0% used [0x00000000d5580000,0x00000000d5580000,0x00000000dd280000)
  from space 11264K, 99% used [0x00000000dd280000,0x00000000ddd7d1e8,0x00000000ddd80000)
  to   space 12800K, 0% used [0x00000000e0480000,0x00000000e0480000,0x00000000e1100000)
 ParOldGen       total 51200K, used 7339K [0x0000000080000000, 0x0000000083200000, 0x00000000d5580000)
  object space 51200K, 14% used [0x0000000080000000,0x000000008072ac30,0x0000000083200000)
 Metaspace       used 34265K, capacity 35412K, committed 35496K, reserved 1079296K
  class space    used 4720K, capacity 5001K, committed 5040K, reserved 1048576K
}
Event: 5.098 GC heap before
{Heap before GC invocations=11 (full 2):
 PSYoungGen      total 139264K, used 11252K [0x00000000d5580000, 0x00000000e1100000, 0x0000000100000000)
  eden space 128000K, 0% used [0x00000000d5580000,0x00000000d5580000,0x00000000dd280000)
  from space 11264K, 99% used [0x00000000dd280000,0x00000000ddd7d1e8,0x00000000ddd80000)
  to   space 12800K, 0% used [0x00000000e0480000,0x00000000e0480000,0x00000000e1100000)
 ParOldGen       total 51200K, used 7339K [0x0000000080000000, 0x0000000083200000, 0x00000000d5580000)
  object space 51200K, 14% used [0x0000000080000000,0x000000008072ac30,0x0000000083200000)
 Metaspace       used 34265K, capacity 35412K, committed 35496K, reserved 1079296K
  class space    used 4720K, capacity 5001K, committed 5040K, reserved 1048576K
Event: 5.311 GC heap after
Heap after GC invocations=11 (full 2):
 PSYoungGen      total 139264K, used 0K [0x00000000d5580000, 0x00000000e1100000, 0x0000000100000000)
  eden space 128000K, 0% used [0x00000000d5580000,0x00000000d5580000,0x00000000dd280000)
  from space 11264K, 0% used [0x00000000dd280000,0x00000000dd280000,0x00000000ddd80000)
  to   space 12800K, 0% used [0x00000000e0480000,0x00000000e0480000,0x00000000e1100000)
 ParOldGen       total 87552K, used 17966K [0x0000000080000000, 0x0000000085580000, 0x00000000d5580000)
  object space 87552K, 20% used [0x0000000080000000,0x000000008118b968,0x0000000085580000)
 Metaspace       used 34265K, capacity 35412K, committed 35496K, reserved 1079296K
  class space    used 4720K, capacity 5001K, committed 5040K, reserved 1048576K
}
Event: 6.716 GC heap before
{Heap before GC invocations=12 (full 2):
 PSYoungGen      total 139264K, used 128000K [0x00000000d5580000, 0x00000000e1100000, 0x0000000100000000)
  eden space 128000K, 100% used [0x00000000d5580000,0x00000000dd280000,0x00000000dd280000)
  from space 11264K, 0% used [0x00000000dd280000,0x00000000dd280000,0x00000000ddd80000)
  to   space 12800K, 0% used [0x00000000e0480000,0x00000000e0480000,0x00000000e1100000)
 ParOldGen       total 87552K, used 17966K [0x0000000080000000, 0x0000000085580000, 0x00000000d5580000)
  object space 87552K, 20% used [0x0000000080000000,0x000000008118b968,0x0000000085580000)
 Metaspace       used 38365K, capacity 40010K, committed 40232K, reserved 1083392K
  class space    used 5290K, capacity 5649K, committed 5680K, reserved 1048576K
Event: 6.731 GC heap after
Heap after GC invocations=12 (full 2):
 PSYoungGen      total 162816K, used 8340K [0x00000000d5580000, 0x00000000e0d00000, 0x0000000100000000)
  eden space 154112K, 0% used [0x00000000d5580000,0x00000000d5580000,0x00000000dec00000)
  from space 8704K, 95% used [0x00000000e0480000,0x00000000e0ca51d0,0x00000000e0d00000)
  to   space 12800K, 0% used [0x00000000df400000,0x00000000df400000,0x00000000e0080000)
 ParOldGen       total 87552K, used 17974K [0x0000000080000000, 0x0000000085580000, 0x00000000d5580000)
  object space 87552K, 20% used [0x0000000080000000,0x000000008118d968,0x0000000085580000)
 Metaspace       used 38365K, capacity 40010K, committed 40232K, reserved 1083392K
  class space    used 5290K, capacity 5649K, committed 5680K, reserved 1048576K
}
Event: 9.928 GC heap before
{Heap before GC invocations=13 (full 2):
 PSYoungGen      total 162816K, used 162452K [0x00000000d5580000, 0x00000000e0d00000, 0x0000000100000000)
  eden space 154112K, 100% used [0x00000000d5580000,0x00000000dec00000,0x00000000dec00000)
  from space 8704K, 95% used [0x00000000e0480000,0x00000000e0ca51d0,0x00000000e0d00000)
  to   space 12800K, 0% used [0x00000000df400000,0x00000000df400000,0x00000000e0080000)
 ParOldGen       total 87552K, used 17974K [0x0000000080000000, 0x0000000085580000, 0x00000000d5580000)
  object space 87552K, 20% used [0x0000000080000000,0x000000008118d968,0x0000000085580000)
 Metaspace       used 52326K, capacity 54346K, committed 54568K, reserved 1095680K
  class space    used 6972K, capacity 7427K, committed 7472K, reserved 1048576K
Event: 9.965 GC heap after
Heap after GC invocations=13 (full 2):
 PSYoungGen      total 175104K, used 12796K [0x00000000d5580000, 0x00000000e2b80000, 0x0000000100000000)
  eden space 162304K, 0% used [0x00000000d5580000,0x00000000d5580000,0x00000000df400000)
  from space 12800K, 99% used [0x00000000df400000,0x00000000e007f320,0x00000000e0080000)
  to   space 18432K, 0% used [0x00000000e1980000,0x00000000e1980000,0x00000000e2b80000)
 ParOldGen       total 87552K, used 28548K [0x0000000080000000, 0x0000000085580000, 0x00000000d5580000)
  object space 87552K, 32% used [0x0000000080000000,0x0000000081be1270,0x0000000085580000)
 Metaspace       used 52326K, capacity 54346K, committed 54568K, reserved 1095680K
  class space    used 6972K, capacity 7427K, committed 7472K, reserved 1048576K
}

Deoptimization events (10 events):
Event: 9.077 Thread 0x000000001c53b800 Uncommon trap: reason=bimorphic action=maybe_recompile pc=0x0000000002f4356c method=java.util.Hashtable.get(Ljava/lang/Object;)Ljava/lang/Object; @ 6
Event: 9.077 Thread 0x000000001c53b800 Uncommon trap: reason=bimorphic action=maybe_recompile pc=0x0000000002f4356c method=java.util.Hashtable.get(Ljava/lang/Object;)Ljava/lang/Object; @ 6
Event: 9.100 Thread 0x000000001c53b800 Uncommon trap: reason=unstable_if action=reinterpret pc=0x0000000002be7e64 method=java.lang.String.replace(CC)Ljava/lang/String; @ 2
Event: 9.105 Thread 0x000000001c53b800 Uncommon trap: reason=bimorphic action=maybe_recompile pc=0x00000000036b93d4 method=org.codehaus.groovy.runtime.metaclass.MetaMethodIndex.addMethodToList(Ljava/lang/Object;Lgroovy/lang/MetaMethod;)Ljava/lang/Object; @ 96
Event: 9.106 Thread 0x000000001c53b800 Uncommon trap: reason=unstable_if action=reinterpret pc=0x00000000036b9318 method=org.codehaus.groovy.runtime.metaclass.MetaMethodIndex.isNonRealMethod(Lgroovy/lang/MetaMethod;)Z @ 4
Event: 9.106 Thread 0x000000001c53b800 Uncommon trap: reason=unstable_if action=reinterpret pc=0x000000000354265c method=groovy.lang.MetaClassImpl$1MOPIter.methodNameAction(Ljava/lang/Class;Lorg/codehaus/groovy/runtime/metaclass/MetaMethodIndex$Entry;)V @ 182
Event: 9.269 Thread 0x000000001c53b800 Uncommon trap: reason=unstable_if action=reinterpret pc=0x0000000002de2224 method=java.lang.String.lastIndexOf([CII[CIII)I @ 17
Event: 9.269 Thread 0x000000001c53b800 Uncommon trap: reason=unstable_if action=reinterpret pc=0x00000000030bd6b0 method=sun.net.www.protocol.jar.Handler.parseURL(Ljava/net/URL;Ljava/lang/String;II)V @ 116
Event: 9.298 Thread 0x000000001c53b800 Uncommon trap: reason=unstable_if action=reinterpret pc=0x0000000002b7b3f8 method=java.util.concurrent.ConcurrentHashMap.putVal(Ljava/lang/Object;Ljava/lang/Object;Z)Ljava/lang/Object; @ 195
Event: 9.640 Thread 0x000000001c53b800 Uncommon trap: reason=null_check action=make_not_entrant pc=0x00000000031e5010 method=java.lang.Class.searchMethods([Ljava/lang/reflect/Method;Ljava/lang/String;[Ljava/lang/Class;)Ljava/lang/reflect/Method; @ 59

Classes redefined (0 events):
No events

Internal exceptions (10 events):
Event: 10.024 Thread 0x000000001c53b800 Exception <a 'java/lang/ClassNotFoundException': com/android/build/gradle/internal/dsl/ApplicationBuildFeaturesImplCustomizer> (0x00000000d5860dd0) thrown at [C:\src\AOSP-openjdk-git\hotspot\src\share\vm\classfile\systemDictionary.cpp, line 210]
Event: 10.025 Thread 0x000000001c53b800 Exception <a 'java/lang/ClassNotFoundException': com/android/build/gradle/internal/dsl/ApplicationBuildFeaturesImpl_DecoratedCustomizer> (0x00000000d5893a70) thrown at [C:\src\AOSP-openjdk-git\hotspot\src\share\vm\classfile\systemDictionary.cpp, line 210]
Event: 10.034 Thread 0x000000001c53b800 Exception <a 'java/lang/ClassNotFoundException': org/gradle/api/plugins/internal/DefaultBasePluginConventionBeanInfo> (0x00000000d597dcc8) thrown at [C:\src\AOSP-openjdk-git\hotspot\src\share\vm\classfile\systemDictionary.cpp, line 210]
Event: 10.036 Thread 0x000000001c53b800 Exception <a 'java/lang/ClassNotFoundException': org/gradle/api/plugins/BasePluginConventionBeanInfo> (0x00000000d59c98b8) thrown at [C:\src\AOSP-openjdk-git\hotspot\src\share\vm\classfile\systemDictionary.cpp, line 210]
Event: 10.039 Thread 0x000000001c53b800 Exception <a 'java/lang/ClassNotFoundException': org/gradle/api/plugins/BasePluginConventionCustomizer> (0x00000000d5a16a38) thrown at [C:\src\AOSP-openjdk-git\hotspot\src\share\vm\classfile\systemDictionary.cpp, line 210]
Event: 10.042 Thread 0x000000001c53b800 Exception <a 'java/lang/ClassNotFoundException': org/gradle/api/plugins/internal/DefaultBasePluginConventionCustomizer> (0x00000000d5a87888) thrown at [C:\src\AOSP-openjdk-git\hotspot\src\share\vm\classfile\systemDictionary.cpp, line 210]
Event: 10.054 Thread 0x000000001c53b800 Exception <a 'java/lang/ClassNotFoundException': org/gradle/api/plugins/internal/DefaultJavaPluginConventionBeanInfo> (0x00000000d5b343d0) thrown at [C:\src\AOSP-openjdk-git\hotspot\src\share\vm\classfile\systemDictionary.cpp, line 210]
Event: 10.056 Thread 0x000000001c53b800 Exception <a 'java/lang/ClassNotFoundException': org/gradle/api/plugins/JavaPluginConventionBeanInfo> (0x00000000d5b7ff40) thrown at [C:\src\AOSP-openjdk-git\hotspot\src\share\vm\classfile\systemDictionary.cpp, line 210]
Event: 10.059 Thread 0x000000001c53b800 Exception <a 'java/lang/ClassNotFoundException': org/gradle/api/plugins/JavaPluginConventionCustomizer> (0x00000000d5bcd0c0) thrown at [C:\src\AOSP-openjdk-git\hotspot\src\share\vm\classfile\systemDictionary.cpp, line 210]
Event: 10.066 Thread 0x000000001c53b800 Exception <a 'java/lang/ClassNotFoundException': org/gradle/api/plugins/internal/DefaultJavaPluginConventionCustomizer> (0x00000000d5c468c8) thrown at [C:\src\AOSP-openjdk-git\hotspot\src\share\vm\classfile\systemDictionary.cpp, line 210]

Events (10 events):
Event: 10.164 loading class kotlin/sequences/Sequence
Event: 10.164 loading class kotlin/sequences/Sequence done
Event: 10.164 loading class com/android/build/gradle/internal/core/VariantDslInfoImpl$initApplicationId$4
Event: 10.164 loading class com/android/build/gradle/internal/core/VariantDslInfoImpl$initApplicationId$4 done
Event: 10.165 loading class org/gradle/api/provider/HasConfigurableValue
Event: 10.165 loading class org/gradle/api/provider/HasConfigurableValue done
Event: 10.165 loading class com/android/build/gradle/internal/core/VariantDslInfoImpl$manifestPlaceholders$2
Event: 10.165 loading class com/android/build/gradle/internal/core/VariantDslInfoImpl$manifestPlaceholders$2 done
Event: 10.167 loading class com/android/build/api/variant/impl/DelayedActionExecutor
Event: 10.167 loading class com/android/build/api/variant/impl/DelayedActionExecutor done


Dynamic libraries:
0x00007ff7b94b0000 - 0x00007ff7b94e1000 	C:\Program Files\Android\Android Studio\jre\bin\java.exe
0x00007ffc75c10000 - 0x00007ffc75e05000 	C:\WINDOWS\SYSTEM32\ntdll.dll
0x00007ffc74e80000 - 0x00007ffc74f3d000 	C:\WINDOWS\System32\KERNEL32.DLL
0x00007ffc734a0000 - 0x00007ffc73768000 	C:\WINDOWS\System32\KERNELBASE.dll
0x00007ffc74120000 - 0x00007ffc741cc000 	C:\WINDOWS\System32\ADVAPI32.dll
0x00007ffc757c0000 - 0x00007ffc7585e000 	C:\WINDOWS\System32\msvcrt.dll
0x00007ffc73e10000 - 0x00007ffc73eab000 	C:\WINDOWS\System32\sechost.dll
0x00007ffc73f10000 - 0x00007ffc7403b000 	C:\WINDOWS\System32\RPCRT4.dll
0x00007ffc74f40000 - 0x00007ffc750e0000 	C:\WINDOWS\System32\USER32.dll
0x00007ffc73c40000 - 0x00007ffc73c62000 	C:\WINDOWS\System32\win32u.dll
0x00007ffc75ae0000 - 0x00007ffc75b0a000 	C:\WINDOWS\System32\GDI32.dll
0x00007ffc737f0000 - 0x00007ffc738fb000 	C:\WINDOWS\System32\gdi32full.dll
0x00007ffc73400000 - 0x00007ffc7349d000 	C:\WINDOWS\System32\msvcp_win.dll
0x00007ffc73900000 - 0x00007ffc73a00000 	C:\WINDOWS\System32\ucrtbase.dll
0x00007ffc5b890000 - 0x00007ffc5bb2a000 	C:\WINDOWS\WinSxS\amd64_microsoft.windows.common-controls_6595b64144ccf1df_6.0.19041.844_none_ca00b6081b84eb1d\COMCTL32.dll
0x00007ffc741d0000 - 0x00007ffc74200000 	C:\WINDOWS\System32\IMM32.DLL
0x000000005ed90000 - 0x000000005ee62000 	C:\Program Files\Android\Android Studio\jre\jre\bin\msvcr100.dll
0x000000005e450000 - 0x000000005ec9b000 	C:\Program Files\Android\Android Studio\jre\jre\bin\server\jvm.dll
0x00007ffc73c70000 - 0x00007ffc73c78000 	C:\WINDOWS\System32\PSAPI.DLL
0x00007ffc5a770000 - 0x00007ffc5a779000 	C:\WINDOWS\SYSTEM32\WSOCK32.dll
0x00007ffc6a950000 - 0x00007ffc6a95a000 	C:\WINDOWS\SYSTEM32\VERSION.dll
0x00007ffc5de80000 - 0x00007ffc5dea7000 	C:\WINDOWS\SYSTEM32\WINMM.dll
0x00007ffc75680000 - 0x00007ffc756eb000 	C:\WINDOWS\System32\WS2_32.dll
0x00007ffc6d6b0000 - 0x00007ffc6d6bf000 	C:\Program Files\Android\Android Studio\jre\jre\bin\verify.dll
0x00007ffc6b870000 - 0x00007ffc6b899000 	C:\Program Files\Android\Android Studio\jre\jre\bin\java.dll
0x00007ffc6b9a0000 - 0x00007ffc6b9b6000 	C:\Program Files\Android\Android Studio\jre\jre\bin\zip.dll
0x00007ffc743d0000 - 0x00007ffc74b12000 	C:\WINDOWS\System32\SHELL32.dll
0x00007ffc71370000 - 0x00007ffc71b01000 	C:\WINDOWS\SYSTEM32\windows.storage.dll
0x00007ffc74b20000 - 0x00007ffc74e75000 	C:\WINDOWS\System32\combase.dll
0x00007ffc72dc0000 - 0x00007ffc72dec000 	C:\WINDOWS\SYSTEM32\Wldp.dll
0x00007ffc74200000 - 0x00007ffc742ae000 	C:\WINDOWS\System32\SHCORE.dll
0x00007ffc73db0000 - 0x00007ffc73e05000 	C:\WINDOWS\System32\shlwapi.dll
0x00007ffc73290000 - 0x00007ffc732af000 	C:\WINDOWS\SYSTEM32\profapi.dll
0x00007ffc6b840000 - 0x00007ffc6b85a000 	C:\Program Files\Android\Android Studio\jre\jre\bin\net.dll
0x00007ffc72b30000 - 0x00007ffc72b9a000 	C:\WINDOWS\system32\mswsock.dll
0x00007ffc6aec0000 - 0x00007ffc6aed3000 	C:\Program Files\Android\Android Studio\jre\jre\bin\nio.dll
0x00007ffc2e1c0000 - 0x00007ffc2e1e7000 	C:\Users\ADMIN\.gradle\native\f6784746aeab05261644944871eae4fe03e0ef1612fff0a4a95f87b438bc6780\windows-amd64\native-platform.dll
0x00007ffc6d160000 - 0x00007ffc6d16d000 	C:\Program Files\Android\Android Studio\jre\jre\bin\management.dll
0x00007ffc72d00000 - 0x00007ffc72d18000 	C:\WINDOWS\SYSTEM32\CRYPTSP.dll
0x00007ffc72460000 - 0x00007ffc72494000 	C:\WINDOWS\system32\rsaenh.dll
0x00007ffc73a00000 - 0x00007ffc73a27000 	C:\WINDOWS\System32\bcrypt.dll
0x00007ffc73250000 - 0x00007ffc7327e000 	C:\WINDOWS\SYSTEM32\USERENV.dll
0x00007ffc73770000 - 0x00007ffc737f0000 	C:\WINDOWS\System32\bcryptprimitives.dll
0x00007ffc72d20000 - 0x00007ffc72d2c000 	C:\WINDOWS\SYSTEM32\CRYPTBASE.dll
0x00007ffc727d0000 - 0x00007ffc7280b000 	C:\WINDOWS\SYSTEM32\IPHLPAPI.DLL
0x00007ffc756f0000 - 0x00007ffc756f8000 	C:\WINDOWS\System32\NSI.dll
0x00007ffc69fe0000 - 0x00007ffc69ff7000 	C:\WINDOWS\SYSTEM32\dhcpcsvc6.DLL
0x00007ffc6a7d0000 - 0x00007ffc6a7ed000 	C:\WINDOWS\SYSTEM32\dhcpcsvc.DLL
0x00007ffc72810000 - 0x00007ffc728dc000 	C:\WINDOWS\SYSTEM32\DNSAPI.dll
0x00007ffc6abb0000 - 0x00007ffc6abbb000 	C:\WINDOWS\SYSTEM32\WINNSI.DLL

VM Arguments:
jvm_args: -Xmx2048m -Dfile.encoding=UTF-8 -Duser.country=GB -Duser.language=en -Duser.variant 
java_command: org.gradle.launcher.daemon.bootstrap.GradleDaemon 6.5
java_class_path (initial): C:\Users\ADMIN\.gradle\wrapper\dists\gradle-6.5-all\2oz4ud9k3tuxjg84bbf55q0tn\gradle-6.5\lib\gradle-launcher-6.5.jar
Launcher Type: SUN_STANDARD

Environment Variables:
PATH=C:\Program Files (x86)\Common Files\Oracle\Java\javapath;C:\Windows\system32;C:\Windows;C:\Windows\System32\Wbem;C:\Windows\System32\WindowsPowerShell\v1.0\;C:\Windows\System32\OpenSSH\;C:\Program Files\dotnet\;C:\Program Files\Microsoft SQL Server\130\Tools\Binn\;C:\Program Files\Microsoft SQL Server\Client SDK\ODBC\170\Tools\Binn\;C:\Program Files (x86)\NVIDIA Corporation\PhysX\Common;C:\Users\ADMIN\AppData\Local\Programs\Python\Python39;C:\Users\ADMIN\AppData\Local\Programs\Python\Python39\Scripts;;C:\WINDOWS\system32;C:\WINDOWS;C:\WINDOWS\System32\Wbem;C:\WINDOWS\System32\WindowsPowerShell\v1.0\;C:\WINDOWS\System32\OpenSSH\;C:\Program Files\Microsoft\Web Platform Installer\;C:\Program Files (x86)\dotnet\;C:\Program Files (x86)\Microsoft SQL Server\150\DTS\Binn\;C:\Program Files\Azure Data Studio\bin;C:\Program Files (x86)\Microsoft SQL Server\150\Tools\Binn\;C:\Program Files\Microsoft SQL Server\150\Tools\Binn\;C:\Program Files\Microsoft SQL Server\150\DTS\Binn\;C:\Program Files\MySQL\MySQL Shell 8.0\bin\;C:\Users\ADMIN\AppData\Local\Microsoft\WindowsApps;C:\Users\ADMIN\.dotnet\tools;C:\Users\ADMIN\AppData\Local\GitHubDesktop\bin;C:\Users\ADMIN\AppData\Local\Android\Sdk\platform-tools;;C:\Program Files\Azure Data Studio\bin
USERNAME=ADMIN
OS=Windows_NT
PROCESSOR_IDENTIFIER=Intel64 Family 6 Model 142 Stepping 10, GenuineIntel



---------------  S Y S T E M  ---------------

OS: Windows 10.0 , 64 bit Build 19041 (10.0.19041.928)

CPU:total 8 (initial active 8) (4 cores per cpu, 2 threads per core) family 6 model 142 stepping 10, cmov, cx8, fxsr, mmx, sse, sse2, sse3, ssse3, sse4.1, sse4.2, popcnt, avx, avx2, aes, clmul, erms, 3dnowpref, lzcnt, ht, tsc, tscinvbit, bmi1, bmi2, adx

Memory: 4k page, physical 8264608k(467076k free), swap 29184924k(5236k free)

vm_info: OpenJDK 64-Bit Server VM (25.242-b01) for windows-amd64 JRE (1.8.0_242-release-1644-b01), built by "builder" with MS VC++ 10.0 (VS2010)

time: Mon May 03 17:55:22 2021
timezone: SE Asia Standard Time
elapsed time: 10 seconds (0d 0h 0m 10s)

