#
# There is insufficient memory for the Java Runtime Environment to continue.
# Native memory allocation (malloc) failed to allocate 1145136 bytes for Chunk::new
# Possible reasons:
#   The system is out of physical RAM or swap space
#   The process is running with CompressedOops enabled, and the Java Heap may be blocking the growth of the native heap
# Possible solutions:
#   Reduce memory load on the system
#   Increase physical memory or swap space
#   Check if swap backing store is full
#   Decrease Java heap size (-Xmx/-Xms)
#   Decrease number of Java threads
#   Decrease Java thread stack sizes (-Xss)
#   Set larger code cache with -XX:ReservedCodeCacheSize=
#   JVM is running with Unscaled Compressed Oops mode in which the Java heap is
#     placed in the first 4GB address space. The Java Heap base address is the
#     maximum limit for the native heap growth. Please use -XX:HeapBaseMinAddress
#     to set the Java Heap base and to place the Java Heap above 4GB virtual address.
# This output file may be truncated or incomplete.
#
#  Out of Memory Error (allocation.cpp:389), pid=27072, tid=0x0000000000005c8c
#
# JRE version: OpenJDK Runtime Environment (8.0_242-b01) (build 1.8.0_242-release-1644-b01)
# Java VM: OpenJDK 64-Bit Server VM (25.242-b01 mixed mode windows-amd64 compressed oops)
# Failed to write core dump. Minidumps are not enabled by default on client versions of Windows
#

---------------  T H R E A D  ---------------

Current thread (0x0000000019526000):  JavaThread "C2 CompilerThread0" daemon [_thread_in_native, id=23692, stack(0x0000000019df0000,0x0000000019ef0000)]

Stack: [0x0000000019df0000,0x0000000019ef0000]
[error occurred during error reporting (printing stack bounds), id 0xc0000005]

Native frames: (J=compiled Java code, j=interpreted, Vv=VM code, C=native code)


Current CompileTask:
C2:  13194 7857       4       org.gradle.internal.snapshot.SnapshotUtil::getSnapshotFromChild (41 bytes)


---------------  P R O C E S S  ---------------

Java Threads: ( => current thread )
  0x000000001f282000 JavaThread "Cache worker for execution history cache (E:\Github Repo\SmartMeal_Client\.gradle\6.5\executionHistory)" [_thread_blocked, id=29588, stack(0x000000002ea80000,0x000000002eb80000)]
  0x000000001f281800 JavaThread "Execution worker for ':' Thread 7" [_thread_blocked, id=18900, stack(0x000000002e980000,0x000000002ea80000)]
  0x000000001f280800 JavaThread "Execution worker for ':' Thread 6" [_thread_blocked, id=20604, stack(0x000000002e880000,0x000000002e980000)]
  0x000000001f280000 JavaThread "Execution worker for ':' Thread 5" [_thread_blocked, id=1876, stack(0x000000002e780000,0x000000002e880000)]
  0x000000001f27d800 JavaThread "Execution worker for ':' Thread 4" [_thread_blocked, id=24708, stack(0x000000002e680000,0x000000002e780000)]
  0x000000001f27e800 JavaThread "Execution worker for ':' Thread 3" [_thread_blocked, id=15272, stack(0x000000002e580000,0x000000002e680000)]
  0x000000001f27d000 JavaThread "Execution worker for ':' Thread 2" [_thread_in_Java, id=5964, stack(0x000000002e480000,0x000000002e580000)]
  0x000000001f27c000 JavaThread "Execution worker for ':'" [_thread_blocked, id=29200, stack(0x000000002cf30000,0x000000002d030000)]
  0x000000001f27f000 JavaThread "Cache worker for file content cache (E:\Github Repo\SmartMeal_Client\.gradle\6.5\fileContent)" [_thread_blocked, id=27632, stack(0x000000002ce30000,0x000000002cf30000)]
  0x000000001fbe2000 JavaThread "Memory manager" [_thread_blocked, id=5972, stack(0x000000002cad0000,0x000000002cbd0000)]
  0x000000001fbe3000 JavaThread "Cache worker for Build Output Cleanup Cache (E:\Github Repo\SmartMeal_Client\.gradle\buildOutputCleanup)" [_thread_blocked, id=10516, stack(0x000000002b8d0000,0x000000002b9d0000)]
  0x000000001fbde800 JavaThread "jar transforms Thread 113" [_thread_blocked, id=1116, stack(0x000000002b5d0000,0x000000002b6d0000)]
  0x000000001fbe0800 JavaThread "jar transforms Thread 112" [_thread_blocked, id=27748, stack(0x000000002b4d0000,0x000000002b5d0000)]
  0x000000001fbe0000 JavaThread "jar transforms Thread 111" [_thread_blocked, id=23304, stack(0x000000002b3d0000,0x000000002b4d0000)]
  0x000000001fbdf000 JavaThread "jar transforms Thread 110" [_thread_blocked, id=17860, stack(0x000000002b2d0000,0x000000002b3d0000)]
  0x000000001fbe5000 JavaThread "jar transforms Thread 109" [_thread_blocked, id=16428, stack(0x000000002b1d0000,0x000000002b2d0000)]
  0x000000001fbe1800 JavaThread "jar transforms Thread 108" [_thread_blocked, id=27932, stack(0x000000002b0d0000,0x000000002b1d0000)]
  0x000000001fbe4800 JavaThread "jar transforms Thread 107" [_thread_blocked, id=21756, stack(0x000000002afd0000,0x000000002b0d0000)]
  0x000000001fbe3800 JavaThread "jar transforms Thread 106" [_thread_blocked, id=12460, stack(0x000000002aed0000,0x000000002afd0000)]
  0x000000001fbda000 JavaThread "jar transforms Thread 105" [_thread_blocked, id=17448, stack(0x000000002add0000,0x000000002aed0000)]
  0x000000001fbd7800 JavaThread "jar transforms Thread 104" [_thread_blocked, id=8888, stack(0x000000002acd0000,0x000000002add0000)]
  0x000000001fbd7000 JavaThread "jar transforms Thread 103" [_thread_blocked, id=2752, stack(0x000000002abd0000,0x000000002acd0000)]
  0x000000001fbda800 JavaThread "jar transforms Thread 102" [_thread_blocked, id=27340, stack(0x000000002aad0000,0x000000002abd0000)]
  0x000000001fbdd800 JavaThread "jar transforms Thread 101" [_thread_blocked, id=4272, stack(0x000000002a9d0000,0x000000002aad0000)]
  0x000000001fbd6000 JavaThread "jar transforms Thread 100" [_thread_blocked, id=25196, stack(0x000000002a8d0000,0x000000002a9d0000)]
  0x000000001fbd8800 JavaThread "jar transforms Thread 99" [_thread_blocked, id=9528, stack(0x000000002a7d0000,0x000000002a8d0000)]
  0x000000001fbdc000 JavaThread "jar transforms Thread 98" [_thread_blocked, id=3392, stack(0x000000002a6d0000,0x000000002a7d0000)]
  0x000000001fbdb800 JavaThread "jar transforms Thread 97" [_thread_blocked, id=25940, stack(0x000000002a5d0000,0x000000002a6d0000)]
  0x000000001fbdd000 JavaThread "jar transforms Thread 96" [_thread_blocked, id=18792, stack(0x000000002a4d0000,0x000000002a5d0000)]
  0x000000001fbd9000 JavaThread "jar transforms Thread 95" [_thread_blocked, id=9812, stack(0x000000002a3d0000,0x000000002a4d0000)]
  0x000000001ebee800 JavaThread "jar transforms Thread 94" [_thread_blocked, id=15348, stack(0x000000002a2d0000,0x000000002a3d0000)]
  0x000000001ebf0000 JavaThread "jar transforms Thread 93" [_thread_blocked, id=27892, stack(0x000000002a1d0000,0x000000002a2d0000)]
  0x000000001ebf2800 JavaThread "jar transforms Thread 92" [_thread_blocked, id=1288, stack(0x000000002a0d0000,0x000000002a1d0000)]
  0x000000001ebee000 JavaThread "jar transforms Thread 91" [_thread_blocked, id=17804, stack(0x0000000029fd0000,0x000000002a0d0000)]
  0x000000001ebf1800 JavaThread "jar transforms Thread 90" [_thread_blocked, id=13492, stack(0x0000000029ed0000,0x0000000029fd0000)]
  0x000000001ebf1000 JavaThread "jar transforms Thread 89" [_thread_blocked, id=2760, stack(0x0000000029dd0000,0x0000000029ed0000)]
  0x000000001ebef800 JavaThread "jar transforms Thread 88" [_thread_blocked, id=7704, stack(0x0000000029cd0000,0x0000000029dd0000)]
  0x000000001ebed000 JavaThread "jar transforms Thread 87" [_thread_blocked, id=21768, stack(0x0000000029bd0000,0x0000000029cd0000)]
  0x000000001ebe5800 JavaThread "jar transforms Thread 86" [_thread_blocked, id=4200, stack(0x0000000029ad0000,0x0000000029bd0000)]
  0x000000001ebec800 JavaThread "jar transforms Thread 85" [_thread_blocked, id=22392, stack(0x00000000299d0000,0x0000000029ad0000)]
  0x000000001ebe5000 JavaThread "jar transforms Thread 84" [_thread_blocked, id=25500, stack(0x00000000298d0000,0x00000000299d0000)]
  0x000000001ebe6800 JavaThread "jar transforms Thread 83" [_thread_blocked, id=23744, stack(0x00000000297d0000,0x00000000298d0000)]
  0x000000001ebeb800 JavaThread "jar transforms Thread 82" [_thread_blocked, id=24720, stack(0x00000000296d0000,0x00000000297d0000)]
  0x000000001ebe4000 JavaThread "jar transforms Thread 81" [_thread_blocked, id=23048, stack(0x00000000295d0000,0x00000000296d0000)]
  0x000000001ebeb000 JavaThread "jar transforms Thread 80" [_thread_blocked, id=20636, stack(0x00000000294d0000,0x00000000295d0000)]
  0x000000001ebe7000 JavaThread "jar transforms Thread 79" [_thread_blocked, id=6664, stack(0x00000000293d0000,0x00000000294d0000)]
  0x000000001ebe3800 JavaThread "jar transforms Thread 78" [_thread_blocked, id=12364, stack(0x00000000292d0000,0x00000000293d0000)]
  0x000000001ebea000 JavaThread "jar transforms Thread 77" [_thread_blocked, id=15508, stack(0x00000000291d0000,0x00000000292d0000)]
  0x000000001ebe9800 JavaThread "jar transforms Thread 76" [_thread_blocked, id=7388, stack(0x00000000290d0000,0x00000000291d0000)]
  0x000000001ebe8000 JavaThread "jar transforms Thread 75" [_thread_blocked, id=29084, stack(0x0000000028fd0000,0x00000000290d0000)]
  0x000000001ebe8800 JavaThread "jar transforms Thread 74" [_thread_blocked, id=4500, stack(0x0000000028ed0000,0x0000000028fd0000)]
  0x000000001c6c2000 JavaThread "jar transforms Thread 73" [_thread_blocked, id=14288, stack(0x0000000028dd0000,0x0000000028ed0000)]
  0x000000001c6c1800 JavaThread "jar transforms Thread 72" [_thread_blocked, id=12284, stack(0x0000000028cd0000,0x0000000028dd0000)]
  0x000000001c6c5000 JavaThread "jar transforms Thread 71" [_thread_blocked, id=27732, stack(0x0000000028bd0000,0x0000000028cd0000)]
  0x000000001c6c6800 JavaThread "jar transforms Thread 70" [_thread_blocked, id=16464, stack(0x0000000028ad0000,0x0000000028bd0000)]
  0x000000001c6c4800 JavaThread "jar transforms Thread 69" [_thread_blocked, id=17556, stack(0x00000000289d0000,0x0000000028ad0000)]
  0x000000001c6c3000 JavaThread "jar transforms Thread 68" [_thread_blocked, id=14604, stack(0x00000000288d0000,0x00000000289d0000)]
  0x000000001c6c6000 JavaThread "jar transforms Thread 67" [_thread_blocked, id=24036, stack(0x00000000287d0000,0x00000000288d0000)]
  0x000000001c6c3800 JavaThread "jar transforms Thread 66" [_thread_blocked, id=2684, stack(0x00000000286d0000,0x00000000287d0000)]
  0x000000001c6c7800 JavaThread "jar transforms Thread 65" [_thread_blocked, id=25172, stack(0x00000000285d0000,0x00000000286d0000)]
  0x000000001c6ba000 JavaThread "jar transforms Thread 64" [_thread_blocked, id=12844, stack(0x00000000284d0000,0x00000000285d0000)]
  0x000000001c6c0800 JavaThread "jar transforms Thread 63" [_thread_blocked, id=8912, stack(0x00000000283d0000,0x00000000284d0000)]
  0x000000001c6b9000 JavaThread "jar transforms Thread 62" [_thread_blocked, id=29224, stack(0x00000000282d0000,0x00000000283d0000)]
  0x000000001c6c0000 JavaThread "jar transforms Thread 61" [_thread_blocked, id=21188, stack(0x00000000281d0000,0x00000000282d0000)]
  0x000000001c6bd000 JavaThread "jar transforms Thread 60" [_thread_blocked, id=18704, stack(0x00000000280d0000,0x00000000281d0000)]
  0x000000001c6b8800 JavaThread "jar transforms Thread 59" [_thread_blocked, id=18084, stack(0x0000000027fd0000,0x00000000280d0000)]
  0x000000001c6bf000 JavaThread "jar transforms Thread 58" [_thread_blocked, id=18828, stack(0x0000000027ed0000,0x0000000027fd0000)]
  0x000000001c6bd800 JavaThread "jar transforms Thread 57" [_thread_blocked, id=3292, stack(0x0000000027dd0000,0x0000000027ed0000)]
  0x000000001c6be800 JavaThread "jar transforms Thread 56" [_thread_blocked, id=14828, stack(0x0000000027cd0000,0x0000000027dd0000)]
  0x000000001c6bc000 JavaThread "jar transforms Thread 55" [_thread_blocked, id=13524, stack(0x0000000027bd0000,0x0000000027cd0000)]
  0x000000001c6bb800 JavaThread "jar transforms Thread 54" [_thread_blocked, id=13168, stack(0x0000000027ad0000,0x0000000027bd0000)]
  0x000000001c6ba800 JavaThread "jar transforms Thread 53" [_thread_blocked, id=22708, stack(0x00000000279d0000,0x0000000027ad0000)]
  0x000000001c15b800 JavaThread "jar transforms Thread 52" [_thread_blocked, id=19392, stack(0x00000000278d0000,0x00000000279d0000)]
  0x000000001c156800 JavaThread "jar transforms Thread 51" [_thread_blocked, id=22936, stack(0x00000000277d0000,0x00000000278d0000)]
  0x000000001c154000 JavaThread "jar transforms Thread 50" [_thread_blocked, id=2276, stack(0x00000000276d0000,0x00000000277d0000)]
  0x000000001c15a000 JavaThread "jar transforms Thread 49" [_thread_blocked, id=24348, stack(0x00000000275d0000,0x00000000276d0000)]
  0x000000001c158000 JavaThread "jar transforms Thread 48" [_thread_blocked, id=8440, stack(0x00000000274d0000,0x00000000275d0000)]
  0x000000001c15b000 JavaThread "jar transforms Thread 47" [_thread_blocked, id=16752, stack(0x00000000273d0000,0x00000000274d0000)]
  0x000000001c154800 JavaThread "jar transforms Thread 46" [_thread_blocked, id=18360, stack(0x00000000272d0000,0x00000000273d0000)]
  0x000000001c159800 JavaThread "jar transforms Thread 45" [_thread_blocked, id=22356, stack(0x00000000271d0000,0x00000000272d0000)]
  0x000000001c158800 JavaThread "jar transforms Thread 44" [_thread_blocked, id=21556, stack(0x00000000270d0000,0x00000000271d0000)]
  0x000000001c155800 JavaThread "jar transforms Thread 43" [_thread_blocked, id=1516, stack(0x0000000026fd0000,0x00000000270d0000)]
  0x000000001c157000 JavaThread "jar transforms Thread 42" [_thread_blocked, id=26552, stack(0x0000000026ed0000,0x0000000026fd0000)]
  0x000000001c14c800 JavaThread "jar transforms Thread 41" [_thread_blocked, id=15320, stack(0x0000000026dd0000,0x0000000026ed0000)]
  0x000000001c14f800 JavaThread "jar transforms Thread 40" [_thread_blocked, id=7676, stack(0x0000000026cd0000,0x0000000026dd0000)]
  0x000000001c14e000 JavaThread "jar transforms Thread 39" [_thread_blocked, id=4412, stack(0x0000000026bd0000,0x0000000026cd0000)]
  0x000000001c14d000 JavaThread "jar transforms Thread 38" [_thread_blocked, id=6536, stack(0x0000000026ad0000,0x0000000026bd0000)]
  0x000000001c151800 JavaThread "jar transforms Thread 37" [_thread_blocked, id=23600, stack(0x00000000269d0000,0x0000000026ad0000)]
  0x000000001c152800 JavaThread "jar transforms Thread 36" [_thread_blocked, id=16736, stack(0x00000000268d0000,0x00000000269d0000)]
  0x000000001c14e800 JavaThread "jar transforms Thread 35" [_thread_blocked, id=3520, stack(0x00000000267d0000,0x00000000268d0000)]
  0x000000001c151000 JavaThread "jar transforms Thread 34" [_thread_blocked, id=5284, stack(0x00000000266d0000,0x00000000267d0000)]
  0x000000001c150000 JavaThread "jar transforms Thread 33" [_thread_blocked, id=9068, stack(0x00000000265d0000,0x00000000266d0000)]
  0x000000001c153000 JavaThread "jar transforms Thread 32" [_thread_blocked, id=14308, stack(0x00000000264d0000,0x00000000265d0000)]
  0x000000001e997000 JavaThread "jar transforms Thread 31" [_thread_blocked, id=28748, stack(0x00000000263d0000,0x00000000264d0000)]
  0x000000001e995800 JavaThread "jar transforms Thread 30" [_thread_blocked, id=23560, stack(0x00000000262d0000,0x00000000263d0000)]
  0x000000001e993800 JavaThread "jar transforms Thread 29" [_thread_blocked, id=17688, stack(0x00000000261d0000,0x00000000262d0000)]
  0x000000001e994000 JavaThread "jar transforms Thread 28" [_thread_blocked, id=25132, stack(0x00000000260d0000,0x00000000261d0000)]
  0x000000001e995000 JavaThread "jar transforms Thread 27" [_thread_blocked, id=11716, stack(0x0000000025fd0000,0x00000000260d0000)]
  0x000000001e996800 JavaThread "jar transforms Thread 26" [_thread_blocked, id=18636, stack(0x0000000025ed0000,0x0000000025fd0000)]
  0x000000001e992800 JavaThread "jar transforms Thread 25" [_thread_blocked, id=9500, stack(0x0000000025dd0000,0x0000000025ed0000)]
  0x000000001e98b000 JavaThread "jar transforms Thread 24" [_thread_blocked, id=17596, stack(0x0000000025cd0000,0x0000000025dd0000)]
  0x000000001e990800 JavaThread "jar transforms Thread 23" [_thread_blocked, id=9876, stack(0x0000000025bd0000,0x0000000025cd0000)]
  0x000000001e98f800 JavaThread "jar transforms Thread 22" [_thread_blocked, id=924, stack(0x0000000025ad0000,0x0000000025bd0000)]
  0x000000001e98f000 JavaThread "jar transforms Thread 21" [_thread_blocked, id=10028, stack(0x00000000259d0000,0x0000000025ad0000)]
  0x000000001e992000 JavaThread "jar transforms Thread 20" [_thread_blocked, id=26900, stack(0x00000000258d0000,0x00000000259d0000)]
  0x000000001e98d800 JavaThread "jar transforms Thread 19" [_thread_blocked, id=12368, stack(0x00000000257d0000,0x00000000258d0000)]
  0x000000001e98a800 JavaThread "jar transforms Thread 18" [_thread_blocked, id=14112, stack(0x00000000256d0000,0x00000000257d0000)]
  0x000000001e991000 JavaThread "jar transforms Thread 17" [_thread_blocked, id=2688, stack(0x00000000255d0000,0x00000000256d0000)]
  0x000000001e98c800 JavaThread "jar transforms Thread 16" [_thread_blocked, id=2608, stack(0x00000000254d0000,0x00000000255d0000)]
  0x000000001e989800 JavaThread "jar transforms Thread 15" [_thread_blocked, id=18708, stack(0x00000000253d0000,0x00000000254d0000)]
  0x000000001e98c000 JavaThread "jar transforms Thread 14" [_thread_blocked, id=23568, stack(0x00000000252d0000,0x00000000253d0000)]
  0x000000001e98e000 JavaThread "jar transforms Thread 13" [_thread_blocked, id=18856, stack(0x00000000251d0000,0x00000000252d0000)]
  0x000000001e988000 JavaThread "jar transforms Thread 12" [_thread_blocked, id=26700, stack(0x00000000250d0000,0x00000000251d0000)]
  0x000000001e989000 JavaThread "jar transforms Thread 11" [_thread_blocked, id=27424, stack(0x0000000024fd0000,0x00000000250d0000)]
  0x00000000212ea800 JavaThread "jar transforms Thread 10" [_thread_blocked, id=18484, stack(0x0000000024ed0000,0x0000000024fd0000)]
  0x00000000212e5000 JavaThread "jar transforms Thread 9" [_thread_blocked, id=13468, stack(0x0000000024dd0000,0x0000000024ed0000)]
  0x00000000212e9800 JavaThread "jar transforms Thread 8" [_thread_blocked, id=19964, stack(0x0000000024cd0000,0x0000000024dd0000)]
  0x00000000212eb000 JavaThread "jar transforms Thread 7" [_thread_blocked, id=3332, stack(0x0000000024bd0000,0x0000000024cd0000)]
  0x00000000212ec000 JavaThread "jar transforms Thread 6" [_thread_blocked, id=18172, stack(0x0000000024ad0000,0x0000000024bd0000)]
  0x00000000212e6000 JavaThread "jar transforms Thread 5" [_thread_blocked, id=21632, stack(0x00000000249d0000,0x0000000024ad0000)]
  0x00000000212e8000 JavaThread "jar transforms Thread 4" [_thread_blocked, id=2676, stack(0x00000000248d0000,0x00000000249d0000)]
  0x00000000212e9000 JavaThread "jar transforms Thread 3" [_thread_blocked, id=15544, stack(0x00000000247d0000,0x00000000248d0000)]
  0x00000000212e7800 JavaThread "jar transforms Thread 2" [_thread_blocked, id=2872, stack(0x00000000246d0000,0x00000000247d0000)]
  0x00000000212e6800 JavaThread "Build operations Thread 8" [_thread_blocked, id=27596, stack(0x00000000245d0000,0x00000000246d0000)]
  0x00000000212dd800 JavaThread "Build operations Thread 7" [_thread_blocked, id=4524, stack(0x00000000244d0000,0x00000000245d0000)]
  0x00000000212e4800 JavaThread "Build operations Thread 6" [_thread_blocked, id=4908, stack(0x00000000243d0000,0x00000000244d0000)]
  0x00000000212dd000 JavaThread "Build operations Thread 5" [_thread_blocked, id=17908, stack(0x00000000242d0000,0x00000000243d0000)]
  0x00000000212e3000 JavaThread "Build operations Thread 4" [_thread_blocked, id=7240, stack(0x00000000241d0000,0x00000000242d0000)]
  0x00000000212df000 JavaThread "Build operations Thread 3" [_thread_blocked, id=26176, stack(0x00000000240d0000,0x00000000241d0000)]
  0x00000000212e2000 JavaThread "Build operations Thread 2" [_thread_blocked, id=27592, stack(0x0000000023fd0000,0x00000000240d0000)]
  0x00000000212e1800 JavaThread "Build operations" [_thread_blocked, id=27808, stack(0x0000000023ed0000,0x0000000023fd0000)]
  0x000000001c122800 JavaThread "Cache worker for file content cache (C:\Users\ADMIN\.gradle\caches\6.5\fileContent)" [_thread_blocked, id=15756, stack(0x0000000022800000,0x0000000022900000)]
  0x000000001c122000 JavaThread "jar transforms" [_thread_blocked, id=22140, stack(0x0000000022700000,0x0000000022800000)]
  0x000000001c120800 JavaThread "Cache worker for execution history cache (C:\Users\ADMIN\.gradle\caches\6.5\executionHistory)" [_thread_blocked, id=19384, stack(0x0000000020ab0000,0x0000000020bb0000)]
  0x000000001c121000 JavaThread "Cache worker for cache directory md-rule (C:\Users\ADMIN\.gradle\caches\6.5\md-rule)" [_thread_blocked, id=21548, stack(0x00000000209b0000,0x0000000020ab0000)]
  0x000000001c11f800 JavaThread "Cache worker for cache directory md-supplier (C:\Users\ADMIN\.gradle\caches\6.5\md-supplier)" [_thread_blocked, id=7748, stack(0x00000000208b0000,0x00000000209b0000)]
  0x000000001c11d800 JavaThread "Cache worker for checksums cache (E:\Github Repo\SmartMeal_Client\.gradle\checksums)" [_thread_blocked, id=14480, stack(0x00000000207b0000,0x00000000208b0000)]
  0x000000001c11f000 JavaThread "Cache worker for file hash cache (E:\Github Repo\SmartMeal_Client\.gradle\6.5\fileHashes)" [_thread_blocked, id=11720, stack(0x0000000022200000,0x0000000022300000)]
  0x000000001c11c800 JavaThread "Cache worker for file hash cache (C:\Users\ADMIN\.gradle\caches\6.5\fileHashes)" [_thread_blocked, id=6032, stack(0x000000001e510000,0x000000001e610000)]
  0x000000001c123800 JavaThread "File lock request listener" [_thread_in_native, id=23548, stack(0x000000001e410000,0x000000001e510000)]
  0x000000001b752800 JavaThread "Cache worker for journal cache (C:\Users\ADMIN\.gradle\caches\journal-1)" [_thread_blocked, id=26676, stack(0x000000001e310000,0x000000001e410000)]
  0x000000001b780800 JavaThread "Thread-9" [_thread_blocked, id=20716, stack(0x000000001e010000,0x000000001e110000)]
  0x000000001b75e800 JavaThread "Stdin handler" [_thread_blocked, id=12680, stack(0x000000001df10000,0x000000001e010000)]
  0x000000001bfd2800 JavaThread "Asynchronous log dispatcher for DefaultDaemonConnection: socket connection from /127.0.0.1:50871 to /127.0.0.1:50872" [_thread_blocked, id=23152, stack(0x000000001de10000,0x000000001df10000)]
  0x000000001c0c8800 JavaThread "Daemon worker" [_thread_blocked, id=29576, stack(0x000000001dd10000,0x000000001de10000)]
  0x000000001c0c7800 JavaThread "Cancel handler" [_thread_blocked, id=23340, stack(0x000000001db10000,0x000000001dc10000)]
  0x000000001bfdc000 JavaThread "Handler for socket connection from /127.0.0.1:50871 to /127.0.0.1:50872" [_thread_in_native, id=29068, stack(0x000000001d810000,0x000000001d910000)]
  0x000000001bfa9000 JavaThread "Daemon" [_thread_blocked, id=24120, stack(0x000000001d710000,0x000000001d810000)]
  0x000000001bf9d800 JavaThread "Daemon periodic checks" [_thread_blocked, id=15616, stack(0x000000001d610000,0x000000001d710000)]
  0x000000001bf47800 JavaThread "Incoming local TCP Connector on port 50871" [_thread_in_native, id=10764, stack(0x000000001d3d0000,0x000000001d4d0000)]
  0x000000001be86000 JavaThread "Daemon health stats" [_thread_blocked, id=15236, stack(0x000000001cd90000,0x000000001ce90000)]
  0x00000000195b8000 JavaThread "Service Thread" daemon [_thread_blocked, id=27428, stack(0x000000001a1f0000,0x000000001a2f0000)]
  0x0000000019532000 JavaThread "C1 CompilerThread3" daemon [_thread_blocked, id=2644, stack(0x000000001a0f0000,0x000000001a1f0000)]
  0x0000000019527800 JavaThread "C2 CompilerThread2" daemon [_thread_in_native, id=2280, stack(0x0000000019ff0000,0x000000001a0f0000)]
  0x00000000176fb000 JavaThread "C2 CompilerThread1" daemon [_thread_in_native, id=11528, stack(0x0000000019ef0000,0x0000000019ff0000)]
=>0x0000000019526000 JavaThread "C2 CompilerThread0" daemon [_thread_in_native, id=23692, stack(0x0000000019df0000,0x0000000019ef0000)]
  0x0000000019523800 JavaThread "Attach Listener" daemon [_thread_blocked, id=8288, stack(0x0000000019cf0000,0x0000000019df0000)]
  0x0000000019522800 JavaThread "Signal Dispatcher" daemon [_thread_blocked, id=8848, stack(0x0000000019bf0000,0x0000000019cf0000)]
  0x000000000267c800 JavaThread "Finalizer" daemon [_thread_blocked, id=12176, stack(0x00000000199f0000,0x0000000019af0000)]
  0x0000000019510800 JavaThread "Reference Handler" daemon [_thread_blocked, id=7464, stack(0x00000000198f0000,0x00000000199f0000)]
  0x0000000002582800 JavaThread "main" [_thread_blocked, id=12764, stack(0x00000000023e0000,0x00000000024e0000)]

Other Threads:
  0x00000000176e8800 VMThread [stack: 0x00000000193f0000,0x00000000194f0000] [id=18036]
  0x00000000195b8800 WatcherThread [stack: 0x000000001a2f0000,0x000000001a3f0000] [id=2128]

VM state:not at safepoint (normal execution)

VM Mutex/Monitor currently owned by a thread: None

heap address: 0x0000000080000000, size: 2048 MB, Compressed Oops mode: 32-bit
Narrow klass base: 0x0000000000000000, Narrow klass shift: 3
Compressed class space size: 1073741824 Address: 0x0000000100000000

Heap:
 PSYoungGen      total 266752K, used 234276K [0x00000000d5580000, 0x00000000e6f80000, 0x0000000100000000)
  eden space 246784K, 94% used [0x00000000d5580000,0x00000000e3a490a0,0x00000000e4680000)
  from space 19968K, 0% used [0x00000000e5980000,0x00000000e5980000,0x00000000e6d00000)
  to   space 19456K, 0% used [0x00000000e4680000,0x00000000e4680000,0x00000000e5980000)
 ParOldGen       total 104448K, used 31317K [0x0000000080000000, 0x0000000086600000, 0x00000000d5580000)
  object space 104448K, 29% used [0x0000000080000000,0x0000000081e95568,0x0000000086600000)
 Metaspace       used 66669K, capacity 69966K, committed 70296K, reserved 1110016K
  class space    used 9146K, capacity 9784K, committed 9904K, reserved 1048576K

Card table byte_map: [0x0000000011a40000,0x0000000011e50000] byte_map_base: 0x0000000011640000

Marking Bits: (ParMarkBitMap*) 0x000000005ec1f030
 Begin Bits: [0x0000000012900000, 0x0000000014900000)
 End Bits:   [0x0000000014900000, 0x0000000016900000)

Polling page: 0x0000000000bc0000

CodeCache: size=245760Kb used=22121Kb max_used=22126Kb free=223638Kb
 bounds [0x0000000002680000, 0x0000000003c40000, 0x0000000011680000]
 total_blobs=7826 nmethods=7020 adapters=718
 compilation: enabled

Compilation events (10 events):
Event: 13.161 Thread 0x00000000176fb000 nmethod 8040% 0x0000000003c332d0 code [0x0000000003c33480, 0x0000000003c341c8]
Event: 13.161 Thread 0x00000000176fb000 8056       4       com.sun.org.apache.xerces.internal.impl.XMLEntityScanner::scanLiteral (755 bytes)
Event: 13.173 Thread 0x00000000176fb000 nmethod 8056 0x0000000003c35510 code [0x0000000003c356a0, 0x0000000003c35c70]
Event: 13.173 Thread 0x00000000176fb000 8043       4       com.sun.org.apache.xerces.internal.util.SymbolTable::addSymbol (110 bytes)
Event: 13.176 Thread 0x0000000019532000 8063       2       com.sun.org.apache.xerces.internal.impl.XMLDocumentFragmentScannerImpl::scanContent (171 bytes)
Event: 13.177 Thread 0x0000000019532000 nmethod 8063 0x0000000003c32750 code [0x0000000003c32960, 0x0000000003c32e78]
Event: 13.181 Thread 0x00000000176fb000 nmethod 8043 0x0000000003c30a50 code [0x0000000003c30ba0, 0x0000000003c31008]
Event: 13.181 Thread 0x00000000176fb000 8058 %     4       sun.nio.cs.UTF_8$Decoder::decodeArrayLoop @ 106 (691 bytes)
Event: 13.188 Thread 0x0000000019532000 8064       2       sun.nio.cs.UTF_8$Decoder::xflow (31 bytes)
Event: 13.188 Thread 0x0000000019532000 nmethod 8064 0x0000000003c30490 code [0x0000000003c30620, 0x0000000003c30878]

GC Heap History (10 events):
Event: 4.422 GC heap before
{Heap before GC invocations=11 (full 2):
 PSYoungGen      total 138752K, used 11236K [0x00000000d5580000, 0x00000000e2580000, 0x0000000100000000)
  eden space 127488K, 0% used [0x00000000d5580000,0x00000000d5580000,0x00000000dd200000)
  from space 11264K, 99% used [0x00000000dd200000,0x00000000ddcf9050,0x00000000ddd00000)
  to   space 12800K, 0% used [0x00000000e1900000,0x00000000e1900000,0x00000000e2580000)
 ParOldGen       total 47616K, used 7395K [0x0000000080000000, 0x0000000082e80000, 0x00000000d5580000)
  object space 47616K, 15% used [0x0000000080000000,0x0000000080738d10,0x0000000082e80000)
 Metaspace       used 34258K, capacity 35412K, committed 35496K, reserved 1079296K
  class space    used 4719K, capacity 5001K, committed 5040K, reserved 1048576K
Event: 4.505 GC heap after
Heap after GC invocations=11 (full 2):
 PSYoungGen      total 138752K, used 0K [0x00000000d5580000, 0x00000000e2580000, 0x0000000100000000)
  eden space 127488K, 0% used [0x00000000d5580000,0x00000000d5580000,0x00000000dd200000)
  from space 11264K, 0% used [0x00000000dd200000,0x00000000dd200000,0x00000000ddd00000)
  to   space 12800K, 0% used [0x00000000e1900000,0x00000000e1900000,0x00000000e2580000)
 ParOldGen       total 70144K, used 18059K [0x0000000080000000, 0x0000000084480000, 0x00000000d5580000)
  object space 70144K, 25% used [0x0000000080000000,0x00000000811a2c68,0x0000000084480000)
 Metaspace       used 34258K, capacity 35412K, committed 35496K, reserved 1079296K
  class space    used 4719K, capacity 5001K, committed 5040K, reserved 1048576K
}
Event: 5.475 GC heap before
{Heap before GC invocations=12 (full 2):
 PSYoungGen      total 138752K, used 127488K [0x00000000d5580000, 0x00000000e2580000, 0x0000000100000000)
  eden space 127488K, 100% used [0x00000000d5580000,0x00000000dd200000,0x00000000dd200000)
  from space 11264K, 0% used [0x00000000dd200000,0x00000000dd200000,0x00000000ddd00000)
  to   space 12800K, 0% used [0x00000000e1900000,0x00000000e1900000,0x00000000e2580000)
 ParOldGen       total 70144K, used 18065K [0x0000000080000000, 0x0000000084480000, 0x00000000d5580000)
  object space 70144K, 25% used [0x0000000080000000,0x00000000811a46f8,0x0000000084480000)
 Metaspace       used 38302K, capacity 39942K, committed 39976K, reserved 1083392K
  class space    used 5284K, capacity 5649K, committed 5680K, reserved 1048576K
Event: 5.483 GC heap after
Heap after GC invocations=12 (full 2):
 PSYoungGen      total 185856K, used 8403K [0x00000000d5580000, 0x00000000e2180000, 0x0000000100000000)
  eden space 177152K, 0% used [0x00000000d5580000,0x00000000d5580000,0x00000000e0280000)
  from space 8704K, 96% used [0x00000000e1900000,0x00000000e2134d18,0x00000000e2180000)
  to   space 12800K, 0% used [0x00000000e0880000,0x00000000e0880000,0x00000000e1500000)
 ParOldGen       total 70144K, used 18073K [0x0000000080000000, 0x0000000084480000, 0x00000000d5580000)
  object space 70144K, 25% used [0x0000000080000000,0x00000000811a66f8,0x0000000084480000)
 Metaspace       used 38302K, capacity 39942K, committed 39976K, reserved 1083392K
  class space    used 5284K, capacity 5649K, committed 5680K, reserved 1048576K
}
Event: 8.117 GC heap before
{Heap before GC invocations=13 (full 2):
 PSYoungGen      total 185856K, used 185555K [0x00000000d5580000, 0x00000000e2180000, 0x0000000100000000)
  eden space 177152K, 100% used [0x00000000d5580000,0x00000000e0280000,0x00000000e0280000)
  from space 8704K, 96% used [0x00000000e1900000,0x00000000e2134d18,0x00000000e2180000)
  to   space 12800K, 0% used [0x00000000e0880000,0x00000000e0880000,0x00000000e1500000)
 ParOldGen       total 70144K, used 18073K [0x0000000080000000, 0x0000000084480000, 0x00000000d5580000)
  object space 70144K, 25% used [0x0000000080000000,0x00000000811a66f8,0x0000000084480000)
 Metaspace       used 54343K, capacity 56490K, committed 56616K, reserved 1097728K
  class space    used 7256K, capacity 7699K, committed 7728K, reserved 1048576K
Event: 8.264 GC heap after
Heap after GC invocations=13 (full 2):
 PSYoungGen      total 196096K, used 12782K [0x00000000d5580000, 0x00000000e6d00000, 0x0000000100000000)
  eden space 183296K, 0% used [0x00000000d5580000,0x00000000d5580000,0x00000000e0880000)
  from space 12800K, 99% used [0x00000000e0880000,0x00000000e14fba80,0x00000000e1500000)
  to   space 19968K, 0% used [0x00000000e5980000,0x00000000e5980000,0x00000000e6d00000)
 ParOldGen       total 70144K, used 32072K [0x0000000080000000, 0x0000000084480000, 0x00000000d5580000)
  object space 70144K, 45% used [0x0000000080000000,0x0000000081f52158,0x0000000084480000)
 Metaspace       used 54343K, capacity 56490K, committed 56616K, reserved 1097728K
  class space    used 7256K, capacity 7699K, committed 7728K, reserved 1048576K
}
Event: 9.048 GC heap before
{Heap before GC invocations=14 (full 2):
 PSYoungGen      total 196096K, used 35222K [0x00000000d5580000, 0x00000000e6d00000, 0x0000000100000000)
  eden space 183296K, 12% used [0x00000000d5580000,0x00000000d6b69f88,0x00000000e0880000)
  from space 12800K, 99% used [0x00000000e0880000,0x00000000e14fba80,0x00000000e1500000)
  to   space 19968K, 0% used [0x00000000e5980000,0x00000000e5980000,0x00000000e6d00000)
 ParOldGen       total 70144K, used 32072K [0x0000000080000000, 0x0000000084480000, 0x00000000d5580000)
  object space 70144K, 45% used [0x0000000080000000,0x0000000081f52158,0x0000000084480000)
 Metaspace       used 56790K, capacity 59108K, committed 59160K, reserved 1099776K
  class space    used 7711K, capacity 8193K, committed 8240K, reserved 1048576K
Event: 9.061 GC heap after
Heap after GC invocations=14 (full 2):
 PSYoungGen      total 266752K, used 3213K [0x00000000d5580000, 0x00000000e6f80000, 0x0000000100000000)
  eden space 246784K, 0% used [0x00000000d5580000,0x00000000d5580000,0x00000000e4680000)
  from space 19968K, 16% used [0x00000000e5980000,0x00000000e5ca3440,0x00000000e6d00000)
  to   space 19456K, 0% used [0x00000000e4680000,0x00000000e4680000,0x00000000e5980000)
 ParOldGen       total 70144K, used 43197K [0x0000000080000000, 0x0000000084480000, 0x00000000d5580000)
  object space 70144K, 61% used [0x0000000080000000,0x0000000082a2f530,0x0000000084480000)
 Metaspace       used 56790K, capacity 59108K, committed 59160K, reserved 1099776K
  class space    used 7711K, capacity 8193K, committed 8240K, reserved 1048576K
}
Event: 9.061 GC heap before
{Heap before GC invocations=15 (full 3):
 PSYoungGen      total 266752K, used 3213K [0x00000000d5580000, 0x00000000e6f80000, 0x0000000100000000)
  eden space 246784K, 0% used [0x00000000d5580000,0x00000000d5580000,0x00000000e4680000)
  from space 19968K, 16% used [0x00000000e5980000,0x00000000e5ca3440,0x00000000e6d00000)
  to   space 19456K, 0% used [0x00000000e4680000,0x00000000e4680000,0x00000000e5980000)
 ParOldGen       total 70144K, used 43197K [0x0000000080000000, 0x0000000084480000, 0x00000000d5580000)
  object space 70144K, 61% used [0x0000000080000000,0x0000000082a2f530,0x0000000084480000)
 Metaspace       used 56790K, capacity 59108K, committed 59160K, reserved 1099776K
  class space    used 7711K, capacity 8193K, committed 8240K, reserved 1048576K
Event: 9.318 GC heap after
Heap after GC invocations=15 (full 3):
 PSYoungGen      total 266752K, used 0K [0x00000000d5580000, 0x00000000e6f80000, 0x0000000100000000)
  eden space 246784K, 0% used [0x00000000d5580000,0x00000000d5580000,0x00000000e4680000)
  from space 19968K, 0% used [0x00000000e5980000,0x00000000e5980000,0x00000000e6d00000)
  to   space 19456K, 0% used [0x00000000e4680000,0x00000000e4680000,0x00000000e5980000)
 ParOldGen       total 104448K, used 31317K [0x0000000080000000, 0x0000000086600000, 0x00000000d5580000)
  object space 104448K, 29% used [0x0000000080000000,0x0000000081e95568,0x0000000086600000)
 Metaspace       used 56756K, capacity 58994K, committed 59160K, reserved 1099776K
  class space    used 7700K, capacity 8174K, committed 8240K, reserved 1048576K
}

Deoptimization events (10 events):
Event: 12.291 Thread 0x000000001c120800 Uncommon trap: reason=unstable_if action=reinterpret pc=0x0000000002be8e3c method=com.esotericsoftware.kryo.io.Input.readVarInt(Z)I @ 42
Event: 12.372 Thread 0x000000001c120800 Uncommon trap: reason=unstable_if action=reinterpret pc=0x0000000002bea7a8 method=com.esotericsoftware.kryo.io.Input.readVarInt(Z)I @ 42
Event: 12.839 Thread 0x00000000212e3000 Uncommon trap: reason=class_check action=maybe_recompile pc=0x0000000003b72a04 method=java.util.stream.Sink$ChainedReference.<init>(Ljava/util/stream/Sink;)V @ 9
Event: 12.839 Thread 0x00000000212dd800 Uncommon trap: reason=class_check action=maybe_recompile pc=0x0000000003b72a04 method=java.util.stream.Sink$ChainedReference.<init>(Ljava/util/stream/Sink;)V @ 9
Event: 12.839 Thread 0x00000000212e3000 Uncommon trap: reason=class_check action=maybe_recompile pc=0x0000000003b72a04 method=java.util.stream.Sink$ChainedReference.<init>(Ljava/util/stream/Sink;)V @ 9
Event: 12.839 Thread 0x00000000212dd800 Uncommon trap: reason=class_check action=maybe_recompile pc=0x0000000003b72a04 method=java.util.stream.Sink$ChainedReference.<init>(Ljava/util/stream/Sink;)V @ 9
Event: 13.101 Thread 0x000000001f27d000 Uncommon trap: reason=unstable_if action=reinterpret pc=0x00000000027b0648 method=com.sun.org.apache.xerces.internal.util.SymbolTable.addSymbol([CII)Ljava/lang/String; @ 64
Event: 13.103 Thread 0x000000001f27d000 Uncommon trap: reason=unstable_if action=reinterpret pc=0x0000000003536aa8 method=sun.nio.cs.UTF_8$Decoder.decodeArrayLoop(Ljava/nio/ByteBuffer;Ljava/nio/CharBuffer;)Ljava/nio/charset/CoderResult; @ 84
Event: 13.105 Thread 0x000000001f27d000 Uncommon trap: reason=unstable_if action=reinterpret pc=0x0000000002c11c28 method=sun.nio.cs.UTF_8$Decoder.decodeArrayLoop(Ljava/nio/ByteBuffer;Ljava/nio/CharBuffer;)Ljava/nio/charset/CoderResult; @ 84
Event: 13.143 Thread 0x000000001f27d000 Uncommon trap: reason=unstable_if action=reinterpret pc=0x0000000003bcf534 method=com.sun.org.apache.xerces.internal.impl.XMLEntityScanner.scanLiteral(ILcom/sun/org/apache/xerces/internal/xni/XMLString;Z)I @ 44

Classes redefined (0 events):
No events

Internal exceptions (10 events):
Event: 12.015 Thread 0x00000000212e1800 Exception <a 'java/lang/NoSuchMethodError': java.lang.Object.lambda$flatMap$1(Ljava/util/function/Function;Lorg/gradle/internal/Try;)Lorg/gradle/api/internal/artifacts/transform/CacheableInvocation;> (0x00000000ddf4f5a0) thrown at [C:\src\AOSP-openjdk-git
Event: 12.016 Thread 0x00000000212e4800 Exception <a 'java/lang/NoSuchMethodError': java.lang.Object.lambda$flatMap$4(Ljava/util/function/Function;)Lorg/gradle/api/internal/artifacts/transform/CacheableInvocation;> (0x00000000de1b3848) thrown at [C:\src\AOSP-openjdk-git\hotspot\src\share\vm\int
Event: 12.016 Thread 0x00000000212e1800 Exception <a 'java/lang/NoSuchMethodError': java.lang.Object.lambda$flatMap$4(Ljava/util/function/Function;)Lorg/gradle/api/internal/artifacts/transform/CacheableInvocation;> (0x00000000ddf538a8) thrown at [C:\src\AOSP-openjdk-git\hotspot\src\share\vm\int
Event: 12.016 Thread 0x00000000212e6800 Exception <a 'java/lang/NoSuchMethodError': java.lang.Object.lambda$flatMap$4(Ljava/util/function/Function;)Lorg/gradle/api/internal/artifacts/transform/CacheableInvocation;> (0x00000000de044310) thrown at [C:\src\AOSP-openjdk-git\hotspot\src\share\vm\int
Event: 12.016 Thread 0x00000000212e1800 Exception <a 'java/lang/NoSuchMethodError': java.lang.Object.lambda$flatMap$3(Ljava/util/function/Function;)Lorg/gradle/internal/Try;> (0x00000000ddf586b8) thrown at [C:\src\AOSP-openjdk-git\hotspot\src\share\vm\interpreter\linkResolver.cpp, line 620]
Event: 12.152 Thread 0x00000000212dd000 Exception <a 'java/lang/NoSuchMethodError': java.lang.Object.lambda$flatMap$2(Ljava/util/function/Function;Ljava/lang/Object;)Lorg/gradle/internal/Try;> (0x00000000decbe8c0) thrown at [C:\src\AOSP-openjdk-git\hotspot\src\share\vm\interpreter\linkResolver.
Event: 12.152 Thread 0x00000000212e6800 Exception <a 'java/lang/NoSuchMethodError': java.lang.Object.lambda$flatMap$2(Ljava/util/function/Function;Ljava/lang/Object;)Lorg/gradle/internal/Try;> (0x00000000ded8cf90) thrown at [C:\src\AOSP-openjdk-git\hotspot\src\share\vm\interpreter\linkResolver.
Event: 12.152 Thread 0x00000000212dd800 Exception <a 'java/lang/NoSuchMethodError': java.lang.Object.lambda$flatMap$2(Ljava/util/function/Function;Ljava/lang/Object;)Lorg/gradle/internal/Try;> (0x00000000dec534a0) thrown at [C:\src\AOSP-openjdk-git\hotspot\src\share\vm\interpreter\linkResolver.
Event: 12.152 Thread 0x00000000212e2000 Exception <a 'java/lang/NoSuchMethodError': java.lang.Object.lambda$flatMap$2(Ljava/util/function/Function;Ljava/lang/Object;)Lorg/gradle/internal/Try;> (0x00000000ded259b0) thrown at [C:\src\AOSP-openjdk-git\hotspot\src\share\vm\interpreter\linkResolver.
Event: 12.545 Thread 0x000000001f27d000 Exception <a 'java/lang/NoSuchMethodError': java.lang.Object.lambda$flatMap$0(Ljava/lang/Throwable;)Lorg/gradle/api/internal/artifacts/transform/CacheableInvocation;> (0x00000000e1536da8) thrown at [C:\src\AOSP-openjdk-git\hotspot\src\share\vm\interpreter

Events (10 events):
Event: 13.189 Thread 0x000000001f27d000 DEOPT PACKING pc=0x0000000003c09f5b sp=0x000000002e57aa20
Event: 13.189 Thread 0x000000001f27d000 DEOPT UNPACKING pc=0x00000000026c75d0 sp=0x000000002e57a820 mode 0
Event: 13.189 Thread 0x000000001f27d000 DEOPT PACKING pc=0x0000000003c09f5b sp=0x000000002e57aa20
Event: 13.189 Thread 0x000000001f27d000 DEOPT UNPACKING pc=0x00000000026c75d0 sp=0x000000002e57a820 mode 0
Event: 13.190 Thread 0x000000001f27d000 DEOPT PACKING pc=0x0000000003c09f5b sp=0x000000002e57a8b0
Event: 13.190 Thread 0x000000001f27d000 DEOPT UNPACKING pc=0x00000000026c75d0 sp=0x000000002e57a6b0 mode 0
Event: 13.190 Thread 0x000000001f27d000 DEOPT PACKING pc=0x0000000003c09f5b sp=0x000000002e57a690
Event: 13.190 Thread 0x000000001f27d000 DEOPT UNPACKING pc=0x00000000026c75d0 sp=0x000000002e57a490 mode 0
Event: 13.191 Thread 0x000000001f27d000 DEOPT PACKING pc=0x0000000003c09f5b sp=0x000000002e57a750
Event: 13.191 Thread 0x000000001f27d000 DEOPT UNPACKING pc=0x00000000026c75d0 sp=0x000000002e57a550 mode 0


Dynamic libraries:
0x00007ff7dc270000 - 0x00007ff7dc2a1000 	C:\Program Files\Android\Android Studio\jre\bin\java.exe
0x00007ffc75c10000 - 0x00007ffc75e05000 	C:\WINDOWS\SYSTEM32\ntdll.dll
0x00007ffc74e80000 - 0x00007ffc74f3d000 	C:\WINDOWS\System32\KERNEL32.DLL
0x00007ffc734a0000 - 0x00007ffc73768000 	C:\WINDOWS\System32\KERNELBASE.dll
0x00007ffc74120000 - 0x00007ffc741cc000 	C:\WINDOWS\System32\ADVAPI32.dll
0x00007ffc757c0000 - 0x00007ffc7585e000 	C:\WINDOWS\System32\msvcrt.dll
0x00007ffc73e10000 - 0x00007ffc73eab000 	C:\WINDOWS\System32\sechost.dll
0x00007ffc73f10000 - 0x00007ffc7403b000 	C:\WINDOWS\System32\RPCRT4.dll
0x00007ffc74f40000 - 0x00007ffc750e0000 	C:\WINDOWS\System32\USER32.dll
0x00007ffc73c40000 - 0x00007ffc73c62000 	C:\WINDOWS\System32\win32u.dll
0x00007ffc75ae0000 - 0x00007ffc75b0a000 	C:\WINDOWS\System32\GDI32.dll
0x00007ffc737f0000 - 0x00007ffc738fb000 	C:\WINDOWS\System32\gdi32full.dll
0x00007ffc73400000 - 0x00007ffc7349d000 	C:\WINDOWS\System32\msvcp_win.dll
0x00007ffc73900000 - 0x00007ffc73a00000 	C:\WINDOWS\System32\ucrtbase.dll
0x00007ffc5b890000 - 0x00007ffc5bb2a000 	C:\WINDOWS\WinSxS\amd64_microsoft.windows.common-controls_6595b64144ccf1df_6.0.19041.844_none_ca00b6081b84eb1d\COMCTL32.dll
0x00007ffc741d0000 - 0x00007ffc74200000 	C:\WINDOWS\System32\IMM32.DLL
0x000000005ed90000 - 0x000000005ee62000 	C:\Program Files\Android\Android Studio\jre\jre\bin\msvcr100.dll
0x000000005e450000 - 0x000000005ec9b000 	C:\Program Files\Android\Android Studio\jre\jre\bin\server\jvm.dll
0x00007ffc73c70000 - 0x00007ffc73c78000 	C:\WINDOWS\System32\PSAPI.DLL
0x00007ffc6a950000 - 0x00007ffc6a95a000 	C:\WINDOWS\SYSTEM32\VERSION.dll
0x00007ffc5a770000 - 0x00007ffc5a779000 	C:\WINDOWS\SYSTEM32\WSOCK32.dll
0x00007ffc5de80000 - 0x00007ffc5dea7000 	C:\WINDOWS\SYSTEM32\WINMM.dll
0x00007ffc75680000 - 0x00007ffc756eb000 	C:\WINDOWS\System32\WS2_32.dll
0x00007ffc6d6b0000 - 0x00007ffc6d6bf000 	C:\Program Files\Android\Android Studio\jre\jre\bin\verify.dll
0x00007ffc6b870000 - 0x00007ffc6b899000 	C:\Program Files\Android\Android Studio\jre\jre\bin\java.dll
0x00007ffc6b9a0000 - 0x00007ffc6b9b6000 	C:\Program Files\Android\Android Studio\jre\jre\bin\zip.dll
0x00007ffc743d0000 - 0x00007ffc74b12000 	C:\WINDOWS\System32\SHELL32.dll
0x00007ffc71370000 - 0x00007ffc71b01000 	C:\WINDOWS\SYSTEM32\windows.storage.dll
0x00007ffc74b20000 - 0x00007ffc74e75000 	C:\WINDOWS\System32\combase.dll
0x00007ffc72dc0000 - 0x00007ffc72dec000 	C:\WINDOWS\SYSTEM32\Wldp.dll
0x00007ffc74200000 - 0x00007ffc742ae000 	C:\WINDOWS\System32\SHCORE.dll
0x00007ffc73db0000 - 0x00007ffc73e05000 	C:\WINDOWS\System32\shlwapi.dll
0x00007ffc73290000 - 0x00007ffc732af000 	C:\WINDOWS\SYSTEM32\profapi.dll
0x00007ffc6b840000 - 0x00007ffc6b85a000 	C:\Program Files\Android\Android Studio\jre\jre\bin\net.dll
0x00007ffc72b30000 - 0x00007ffc72b9a000 	C:\WINDOWS\system32\mswsock.dll
0x00007ffc6aec0000 - 0x00007ffc6aed3000 	C:\Program Files\Android\Android Studio\jre\jre\bin\nio.dll
0x00007ffc2e1c0000 - 0x00007ffc2e1e7000 	C:\Users\ADMIN\.gradle\native\f6784746aeab05261644944871eae4fe03e0ef1612fff0a4a95f87b438bc6780\windows-amd64\native-platform.dll
0x00007ffc6d160000 - 0x00007ffc6d16d000 	C:\Program Files\Android\Android Studio\jre\jre\bin\management.dll
0x00007ffc72d00000 - 0x00007ffc72d18000 	C:\WINDOWS\SYSTEM32\CRYPTSP.dll
0x00007ffc72460000 - 0x00007ffc72494000 	C:\WINDOWS\system32\rsaenh.dll
0x00007ffc73a00000 - 0x00007ffc73a27000 	C:\WINDOWS\System32\bcrypt.dll
0x00007ffc73250000 - 0x00007ffc7327e000 	C:\WINDOWS\SYSTEM32\USERENV.dll
0x00007ffc73770000 - 0x00007ffc737f0000 	C:\WINDOWS\System32\bcryptprimitives.dll
0x00007ffc72d20000 - 0x00007ffc72d2c000 	C:\WINDOWS\SYSTEM32\CRYPTBASE.dll
0x00007ffc727d0000 - 0x00007ffc7280b000 	C:\WINDOWS\SYSTEM32\IPHLPAPI.DLL
0x00007ffc756f0000 - 0x00007ffc756f8000 	C:\WINDOWS\System32\NSI.dll
0x00007ffc69fe0000 - 0x00007ffc69ff7000 	C:\WINDOWS\SYSTEM32\dhcpcsvc6.DLL
0x00007ffc6a7d0000 - 0x00007ffc6a7ed000 	C:\WINDOWS\SYSTEM32\dhcpcsvc.DLL
0x00007ffc72810000 - 0x00007ffc728dc000 	C:\WINDOWS\SYSTEM32\DNSAPI.dll
0x00007ffc6abb0000 - 0x00007ffc6abbb000 	C:\WINDOWS\SYSTEM32\WINNSI.DLL

VM Arguments:
jvm_args: -Xmx2048m -Dfile.encoding=UTF-8 -Duser.country=GB -Duser.language=en -Duser.variant 
java_command: org.gradle.launcher.daemon.bootstrap.GradleDaemon 6.5
java_class_path (initial): C:\Users\ADMIN\.gradle\wrapper\dists\gradle-6.5-all\2oz4ud9k3tuxjg84bbf55q0tn\gradle-6.5\lib\gradle-launcher-6.5.jar
Launcher Type: SUN_STANDARD

Environment Variables:
PATH=C:\Program Files (x86)\Common Files\Oracle\Java\javapath;C:\Windows\system32;C:\Windows;C:\Windows\System32\Wbem;C:\Windows\System32\WindowsPowerShell\v1.0\;C:\Windows\System32\OpenSSH\;C:\Program Files\dotnet\;C:\Program Files\Microsoft SQL Server\130\Tools\Binn\;C:\Program Files\Microsoft SQL Server\Client SDK\ODBC\170\Tools\Binn\;C:\Program Files (x86)\NVIDIA Corporation\PhysX\Common;C:\Users\ADMIN\AppData\Local\Programs\Python\Python39;C:\Users\ADMIN\AppData\Local\Programs\Python\Python39\Scripts;;C:\WINDOWS\system32;C:\WINDOWS;C:\WINDOWS\System32\Wbem;C:\WINDOWS\System32\WindowsPowerShell\v1.0\;C:\WINDOWS\System32\OpenSSH\;C:\Program Files\Microsoft\Web Platform Installer\;C:\Program Files (x86)\dotnet\;C:\Program Files (x86)\Microsoft SQL Server\150\DTS\Binn\;C:\Program Files\Azure Data Studio\bin;C:\Program Files (x86)\Microsoft SQL Server\150\Tools\Binn\;C:\Program Files\Microsoft SQL Server\150\Tools\Binn\;C:\Program Files\Microsoft SQL Server\150\DTS\Binn\;C:\Program Files\MySQL\MySQL Shell 8.0\bin\;C:\Users\ADMIN\AppData\Local\Microsoft\WindowsApps;C:\Users\ADMIN\.dotnet\tools;C:\Users\ADMIN\AppData\Local\GitHubDesktop\bin;C:\Users\ADMIN\AppData\Local\Android\Sdk\platform-tools;;C:\Program Files\Azure Data Studio\bin
USERNAME=ADMIN
OS=Windows_NT
PROCESSOR_IDENTIFIER=Intel64 Family 6 Model 142 Stepping 10, GenuineIntel



---------------  S Y S T E M  ---------------

OS: Windows 10.0 , 64 bit Build 19041 (10.0.19041.928)

CPU:total 8 (initial active 8) (4 cores per cpu, 2 threads per core) family 6 model 142 stepping 10, cmov, cx8, fxsr, mmx, sse, sse2, sse3, ssse3, sse4.1, sse4.2, popcnt, avx, avx2, aes, clmul, erms, 3dnowpref, lzcnt, ht, tsc, tscinvbit, bmi1, bmi2, adx

Memory: 4k page, physical 8264608k(339952k free), swap 29184924k(5028k free)

vm_info: OpenJDK 64-Bit Server VM (25.242-b01) for windows-amd64 JRE (1.8.0_242-release-1644-b01), built by "builder" with MS VC++ 10.0 (VS2010)

time: Mon May 03 17:54:03 2021
timezone: SE Asia Standard Time
elapsed time: 13 seconds (0d 0h 0m 13s)

